[2021-04-23 00:02:06] local.ERROR: Array to string conversion {"exception":"[object] (ErrorException(code: 0): Array to string conversion at C:\\Users\\David\\Desktop\\INHA (2 course)\\Semester ll\\Internet Programming\\labs\\lab-8-Dooweed-1\\app\\Post.php:32)
[stacktrace]
#0 C:\\Users\\David\\Desktop\\INHA (2 course)\\Semester ll\\Internet Programming\\labs\\lab-8-Dooweed-1\\app\\Post.php(32): Illuminate\\Foundation\\Bootstrap\\HandleExceptions->handleError(8, 'Array to string...', 'C:\\\\Users\\\\David\\\\...', 32, Array)
#1 C:\\Users\\David\\Desktop\\INHA (2 course)\\Semester ll\\Internet Programming\\labs\\lab-8-Dooweed-1\\app\\Http\\Controllers\\PostController.php(51): App\\Post->addPost('\\xD0\\x90\\xD1\\x80\\xD0\\xBC\\xD0\\xB8\\xD1\\x8F \\xD0\\xA1\\xD0\\xA8...', 'safasdfasdfasdf...')
#2 [internal function]: App\\Http\\Controllers\\PostController->postAdminCreate(Object(Illuminate\\Http\\Request))
#3 C:\\Users\\David\\Desktop\\INHA (2 course)\\Semester ll\\Internet Programming\\labs\\lab-8-Dooweed-1\\vendor\\laravel\\framework\\src\\Illuminate\\Routing\\Controller.php(54): call_user_func_array(Array, Array)
#4 C:\\Users\\David\\Desktop\\INHA (2 course)\\Semester ll\\Internet Programming\\labs\\lab-8-Dooweed-1\\vendor\\laravel\\framework\\src\\Illuminate\\Routing\\ControllerDispatcher.php(45): Illuminate\\Routing\\Controller->callAction('postAdminCreate', Array)
#5 C:\\Users\\David\\Desktop\\INHA (2 course)\\Semester ll\\Internet Programming\\labs\\lab-8-Dooweed-1\\vendor\\laravel\\framework\\src\\Illuminate\\Routing\\Route.php(219): Illuminate\\Routing\\ControllerDispatcher->dispatch(Object(Illuminate\\Routing\\Route), Object(App\\Http\\Controllers\\PostController), 'postAdminCreate')
#6 C:\\Users\\David\\Desktop\\INHA (2 course)\\Semester ll\\Internet Programming\\labs\\lab-8-Dooweed-1\\vendor\\laravel\\framework\\src\\Illuminate\\Routing\\Route.php(176): Illuminate\\Routing\\Route->runController()
#7 C:\\Users\\David\\Desktop\\INHA (2 course)\\Semester ll\\Internet Programming\\labs\\lab-8-Dooweed-1\\vendor\\laravel\\framework\\src\\Illuminate\\Routing\\Router.php(680): Illuminate\\Routing\\Route->run()
#8 C:\\Users\\David\\Desktop\\INHA (2 course)\\Semester ll\\Internet Programming\\labs\\lab-8-Dooweed-1\\vendor\\laravel\\framework\\src\\Illuminate\\Routing\\Pipeline.php(30): Illuminate\\Routing\\Router->Illuminate\\Routing\\{closure}(Object(Illuminate\\Http\\Request))
#9 C:\\Users\\David\\Desktop\\INHA (2 course)\\Semester ll\\Internet Programming\\labs\\lab-8-Dooweed-1\\vendor\\laravel\\framework\\src\\Illuminate\\Routing\\Middleware\\SubstituteBindings.php(41): Illuminate\\Routing\\Pipeline->Illuminate\\Routing\\{closure}(Object(Illuminate\\Http\\Request))
#10 C:\\Users\\David\\Desktop\\INHA (2 course)\\Semester ll\\Internet Programming\\labs\\lab-8-Dooweed-1\\vendor\\laravel\\framework\\src\\Illuminate\\Pipeline\\Pipeline.php(163): Illuminate\\Routing\\Middleware\\SubstituteBindings->handle(Object(Illuminate\\Http\\Request), Object(Closure))
#11 C:\\Users\\David\\Desktop\\INHA (2 course)\\Semester ll\\Internet Programming\\labs\\lab-8-Dooweed-1\\vendor\\laravel\\framework\\src\\Illuminate\\Routing\\Pipeline.php(53): Illuminate\\Pipeline\\Pipeline->Illuminate\\Pipeline\\{closure}(Object(Illuminate\\Http\\Request))
#12 C:\\Users\\David\\Desktop\\INHA (2 course)\\Semester ll\\Internet Programming\\labs\\lab-8-Dooweed-1\\vendor\\laravel\\framework\\src\\Illuminate\\Foundation\\Http\\Middleware\\VerifyCsrfToken.php(75): Illuminate\\Routing\\Pipeline->Illuminate\\Routing\\{closure}(Object(Illuminate\\Http\\Request))
#13 C:\\Users\\David\\Desktop\\INHA (2 course)\\Semester ll\\Internet Programming\\labs\\lab-8-Dooweed-1\\vendor\\laravel\\framework\\src\\Illuminate\\Pipeline\\Pipeline.php(163): Illuminate\\Foundation\\Http\\Middleware\\VerifyCsrfToken->handle(Object(Illuminate\\Http\\Request), Object(Closure))
#14 C:\\Users\\David\\Desktop\\INHA (2 course)\\Semester ll\\Internet Programming\\labs\\lab-8-Dooweed-1\\vendor\\laravel\\framework\\src\\Illuminate\\Routing\\Pipeline.php(53): Illuminate\\Pipeline\\Pipeline->Illuminate\\Pipeline\\{closure}(Object(Illuminate\\Http\\Request))
#15 C:\\Users\\David\\Desktop\\INHA (2 course)\\Semester ll\\Internet Programming\\labs\\lab-8-Dooweed-1\\vendor\\laravel\\framework\\src\\Illuminate\\View\\Middleware\\ShareErrorsFromSession.php(49): Illuminate\\Routing\\Pipeline->Illuminate\\Routing\\{closure}(Object(Illuminate\\Http\\Request))
#16 C:\\Users\\David\\Desktop\\INHA (2 course)\\Semester ll\\Internet Programming\\labs\\lab-8-Dooweed-1\\vendor\\laravel\\framework\\src\\Illuminate\\Pipeline\\Pipeline.php(163): Illuminate\\View\\Middleware\\ShareErrorsFromSession->handle(Object(Illuminate\\Http\\Request), Object(Closure))
#17 C:\\Users\\David\\Desktop\\INHA (2 course)\\Semester ll\\Internet Programming\\labs\\lab-8-Dooweed-1\\vendor\\laravel\\framework\\src\\Illuminate\\Routing\\Pipeline.php(53): Illuminate\\Pipeline\\Pipeline->Illuminate\\Pipeline\\{closure}(Object(Illuminate\\Http\\Request))
#18 C:\\Users\\David\\Desktop\\INHA (2 course)\\Semester ll\\Internet Programming\\labs\\lab-8-Dooweed-1\\vendor\\laravel\\framework\\src\\Illuminate\\Session\\Middleware\\StartSession.php(56): Illuminate\\Routing\\Pipeline->Illuminate\\Routing\\{closure}(Object(Illuminate\\Http\\Request))
#19 C:\\Users\\David\\Desktop\\INHA (2 course)\\Semester ll\\Internet Programming\\labs\\lab-8-Dooweed-1\\vendor\\laravel\\framework\\src\\Illuminate\\Pipeline\\Pipeline.php(163): Illuminate\\Session\\Middleware\\StartSession->handle(Object(Illuminate\\Http\\Request), Object(Closure))
#20 C:\\Users\\David\\Desktop\\INHA (2 course)\\Semester ll\\Internet Programming\\labs\\lab-8-Dooweed-1\\vendor\\laravel\\framework\\src\\Illuminate\\Routing\\Pipeline.php(53): Illuminate\\Pipeline\\Pipeline->Illuminate\\Pipeline\\{closure}(Object(Illuminate\\Http\\Request))
#21 C:\\Users\\David\\Desktop\\INHA (2 course)\\Semester ll\\Internet Programming\\labs\\lab-8-Dooweed-1\\vendor\\laravel\\framework\\src\\Illuminate\\Cookie\\Middleware\\AddQueuedCookiesToResponse.php(37): Illuminate\\Routing\\Pipeline->Illuminate\\Routing\\{closure}(Object(Illuminate\\Http\\Request))
#22 C:\\Users\\David\\Desktop\\INHA (2 course)\\Semester ll\\Internet Programming\\labs\\lab-8-Dooweed-1\\vendor\\laravel\\framework\\src\\Illuminate\\Pipeline\\Pipeline.php(163): Illuminate\\Cookie\\Middleware\\AddQueuedCookiesToResponse->handle(Object(Illuminate\\Http\\Request), Object(Closure))
#23 C:\\Users\\David\\Desktop\\INHA (2 course)\\Semester ll\\Internet Programming\\labs\\lab-8-Dooweed-1\\vendor\\laravel\\framework\\src\\Illuminate\\Routing\\Pipeline.php(53): Illuminate\\Pipeline\\Pipeline->Illuminate\\Pipeline\\{closure}(Object(Illuminate\\Http\\Request))
#24 C:\\Users\\David\\Desktop\\INHA (2 course)\\Semester ll\\Internet Programming\\labs\\lab-8-Dooweed-1\\vendor\\laravel\\framework\\src\\Illuminate\\Cookie\\Middleware\\EncryptCookies.php(66): Illuminate\\Routing\\Pipeline->Illuminate\\Routing\\{closure}(Object(Illuminate\\Http\\Request))
#25 C:\\Users\\David\\Desktop\\INHA (2 course)\\Semester ll\\Internet Programming\\labs\\lab-8-Dooweed-1\\vendor\\laravel\\framework\\src\\Illuminate\\Pipeline\\Pipeline.php(163): Illuminate\\Cookie\\Middleware\\EncryptCookies->handle(Object(Illuminate\\Http\\Request), Object(Closure))
#26 C:\\Users\\David\\Desktop\\INHA (2 course)\\Semester ll\\Internet Programming\\labs\\lab-8-Dooweed-1\\vendor\\laravel\\framework\\src\\Illuminate\\Routing\\Pipeline.php(53): Illuminate\\Pipeline\\Pipeline->Illuminate\\Pipeline\\{closure}(Object(Illuminate\\Http\\Request))
#27 C:\\Users\\David\\Desktop\\INHA (2 course)\\Semester ll\\Internet Programming\\labs\\lab-8-Dooweed-1\\vendor\\laravel\\framework\\src\\Illuminate\\Pipeline\\Pipeline.php(104): Illuminate\\Routing\\Pipeline->Illuminate\\Routing\\{closure}(Object(Illuminate\\Http\\Request))
#28 C:\\Users\\David\\Desktop\\INHA (2 course)\\Semester ll\\Internet Programming\\labs\\lab-8-Dooweed-1\\vendor\\laravel\\framework\\src\\Illuminate\\Routing\\Router.php(682): Illuminate\\Pipeline\\Pipeline->then(Object(Closure))
#29 C:\\Users\\David\\Desktop\\INHA (2 course)\\Semester ll\\Internet Programming\\labs\\lab-8-Dooweed-1\\vendor\\laravel\\framework\\src\\Illuminate\\Routing\\Router.php(657): Illuminate\\Routing\\Router->runRouteWithinStack(Object(Illuminate\\Routing\\Route), Object(Illuminate\\Http\\Request))
#30 C:\\Users\\David\\Desktop\\INHA (2 course)\\Semester ll\\Internet Programming\\labs\\lab-8-Dooweed-1\\vendor\\laravel\\framework\\src\\Illuminate\\Routing\\Router.php(623): Illuminate\\Routing\\Router->runRoute(Object(Illuminate\\Http\\Request), Object(Illuminate\\Routing\\Route))
#31 C:\\Users\\David\\Desktop\\INHA (2 course)\\Semester ll\\Internet Programming\\labs\\lab-8-Dooweed-1\\vendor\\laravel\\framework\\src\\Illuminate\\Routing\\Router.php(612): Illuminate\\Routing\\Router->dispatchToRoute(Object(Illuminate\\Http\\Request))
#32 C:\\Users\\David\\Desktop\\INHA (2 course)\\Semester ll\\Internet Programming\\labs\\lab-8-Dooweed-1\\vendor\\laravel\\framework\\src\\Illuminate\\Foundation\\Http\\Kernel.php(176): Illuminate\\Routing\\Router->dispatch(Object(Illuminate\\Http\\Request))
#33 C:\\Users\\David\\Desktop\\INHA (2 course)\\Semester ll\\Internet Programming\\labs\\lab-8-Dooweed-1\\vendor\\laravel\\framework\\src\\Illuminate\\Routing\\Pipeline.php(30): Illuminate\\Foundation\\Http\\Kernel->Illuminate\\Foundation\\Http\\{closure}(Object(Illuminate\\Http\\Request))
#34 C:\\Users\\David\\Desktop\\INHA (2 course)\\Semester ll\\Internet Programming\\labs\\lab-8-Dooweed-1\\vendor\\fideloper\\proxy\\src\\TrustProxies.php(57): Illuminate\\Routing\\Pipeline->Illuminate\\Routing\\{closure}(Object(Illuminate\\Http\\Request))
#35 C:\\Users\\David\\Desktop\\INHA (2 course)\\Semester ll\\Internet Programming\\labs\\lab-8-Dooweed-1\\vendor\\laravel\\framework\\src\\Illuminate\\Pipeline\\Pipeline.php(163): Fideloper\\Proxy\\TrustProxies->handle(Object(Illuminate\\Http\\Request), Object(Closure))
#36 C:\\Users\\David\\Desktop\\INHA (2 course)\\Semester ll\\Internet Programming\\labs\\lab-8-Dooweed-1\\vendor\\laravel\\framework\\src\\Illuminate\\Routing\\Pipeline.php(53): Illuminate\\Pipeline\\Pipeline->Illuminate\\Pipeline\\{closure}(Object(Illuminate\\Http\\Request))
#37 C:\\Users\\David\\Desktop\\INHA (2 course)\\Semester ll\\Internet Programming\\labs\\lab-8-Dooweed-1\\vendor\\laravel\\framework\\src\\Illuminate\\Foundation\\Http\\Middleware\\TransformsRequest.php(21): Illuminate\\Routing\\Pipeline->Illuminate\\Routing\\{closure}(Object(Illuminate\\Http\\Request))
#38 C:\\Users\\David\\Desktop\\INHA (2 course)\\Semester ll\\Internet Programming\\labs\\lab-8-Dooweed-1\\vendor\\laravel\\framework\\src\\Illuminate\\Pipeline\\Pipeline.php(163): Illuminate\\Foundation\\Http\\Middleware\\TransformsRequest->handle(Object(Illuminate\\Http\\Request), Object(Closure))
#39 C:\\Users\\David\\Desktop\\INHA (2 course)\\Semester ll\\Internet Programming\\labs\\lab-8-Dooweed-1\\vendor\\laravel\\framework\\src\\Illuminate\\Routing\\Pipeline.php(53): Illuminate\\Pipeline\\Pipeline->Illuminate\\Pipeline\\{closure}(Object(Illuminate\\Http\\Request))
#40 C:\\Users\\David\\Desktop\\INHA (2 course)\\Semester ll\\Internet Programming\\labs\\lab-8-Dooweed-1\\vendor\\laravel\\framework\\src\\Illuminate\\Foundation\\Http\\Middleware\\TransformsRequest.php(21): Illuminate\\Routing\\Pipeline->Illuminate\\Routing\\{closure}(Object(Illuminate\\Http\\Request))
#41 C:\\Users\\David\\Desktop\\INHA (2 course)\\Semester ll\\Internet Programming\\labs\\lab-8-Dooweed-1\\vendor\\laravel\\framework\\src\\Illuminate\\Pipeline\\Pipeline.php(163): Illuminate\\Foundation\\Http\\Middleware\\TransformsRequest->handle(Object(Illuminate\\Http\\Request), Object(Closure))
#42 C:\\Users\\David\\Desktop\\INHA (2 course)\\Semester ll\\Internet Programming\\labs\\lab-8-Dooweed-1\\vendor\\laravel\\framework\\src\\Illuminate\\Routing\\Pipeline.php(53): Illuminate\\Pipeline\\Pipeline->Illuminate\\Pipeline\\{closure}(Object(Illuminate\\Http\\Request))
#43 C:\\Users\\David\\Desktop\\INHA (2 course)\\Semester ll\\Internet Programming\\labs\\lab-8-Dooweed-1\\vendor\\laravel\\framework\\src\\Illuminate\\Foundation\\Http\\Middleware\\ValidatePostSize.php(27): Illuminate\\Routing\\Pipeline->Illuminate\\Routing\\{closure}(Object(Illuminate\\Http\\Request))
#44 C:\\Users\\David\\Desktop\\INHA (2 course)\\Semester ll\\Internet Programming\\labs\\lab-8-Dooweed-1\\vendor\\laravel\\framework\\src\\Illuminate\\Pipeline\\Pipeline.php(163): Illuminate\\Foundation\\Http\\Middleware\\ValidatePostSize->handle(Object(Illuminate\\Http\\Request), Object(Closure))
#45 C:\\Users\\David\\Desktop\\INHA (2 course)\\Semester ll\\Internet Programming\\labs\\lab-8-Dooweed-1\\vendor\\laravel\\framework\\src\\Illuminate\\Routing\\Pipeline.php(53): Illuminate\\Pipeline\\Pipeline->Illuminate\\Pipeline\\{closure}(Object(Illuminate\\Http\\Request))
#46 C:\\Users\\David\\Desktop\\INHA (2 course)\\Semester ll\\Internet Programming\\labs\\lab-8-Dooweed-1\\vendor\\laravel\\framework\\src\\Illuminate\\Foundation\\Http\\Middleware\\CheckForMaintenanceMode.php(62): Illuminate\\Routing\\Pipeline->Illuminate\\Routing\\{closure}(Object(Illuminate\\Http\\Request))
#47 C:\\Users\\David\\Desktop\\INHA (2 course)\\Semester ll\\Internet Programming\\labs\\lab-8-Dooweed-1\\vendor\\laravel\\framework\\src\\Illuminate\\Pipeline\\Pipeline.php(163): Illuminate\\Foundation\\Http\\Middleware\\CheckForMaintenanceMode->handle(Object(Illuminate\\Http\\Request), Object(Closure))
#48 C:\\Users\\David\\Desktop\\INHA (2 course)\\Semester ll\\Internet Programming\\labs\\lab-8-Dooweed-1\\vendor\\laravel\\framework\\src\\Illuminate\\Routing\\Pipeline.php(53): Illuminate\\Pipeline\\Pipeline->Illuminate\\Pipeline\\{closure}(Object(Illuminate\\Http\\Request))
#49 C:\\Users\\David\\Desktop\\INHA (2 course)\\Semester ll\\Internet Programming\\labs\\lab-8-Dooweed-1\\vendor\\laravel\\framework\\src\\Illuminate\\Pipeline\\Pipeline.php(104): Illuminate\\Routing\\Pipeline->Illuminate\\Routing\\{closure}(Object(Illuminate\\Http\\Request))
#50 C:\\Users\\David\\Desktop\\INHA (2 course)\\Semester ll\\Internet Programming\\labs\\lab-8-Dooweed-1\\vendor\\laravel\\framework\\src\\Illuminate\\Foundation\\Http\\Kernel.php(151): Illuminate\\Pipeline\\Pipeline->then(Object(Closure))
#51 C:\\Users\\David\\Desktop\\INHA (2 course)\\Semester ll\\Internet Programming\\labs\\lab-8-Dooweed-1\\vendor\\laravel\\framework\\src\\Illuminate\\Foundation\\Http\\Kernel.php(116): Illuminate\\Foundation\\Http\\Kernel->sendRequestThroughRouter(Object(Illuminate\\Http\\Request))
#52 C:\\Users\\David\\Desktop\\INHA (2 course)\\Semester ll\\Internet Programming\\labs\\lab-8-Dooweed-1\\public\\index.php(55): Illuminate\\Foundation\\Http\\Kernel->handle(Object(Illuminate\\Http\\Request))
#53 C:\\Users\\David\\Desktop\\INHA (2 course)\\Semester ll\\Internet Programming\\labs\\lab-8-Dooweed-1\\server.php(21): require_once('C:\\\\Users\\\\David\\\\...')
#54 {main}
"} 
[2021-04-23 00:03:07] local.ERROR: error_log() expects parameter 1 to be string, array given {"exception":"[object] (ErrorException(code: 0): error_log() expects parameter 1 to be string, array given at C:\\Users\\David\\Desktop\\INHA (2 course)\\Semester ll\\Internet Programming\\labs\\lab-8-Dooweed-1\\app\\Post.php:32)
[stacktrace]
#0 [internal function]: Illuminate\\Foundation\\Bootstrap\\HandleExceptions->handleError(2, 'error_log() exp...', 'C:\\\\Users\\\\David\\\\...', 32, Array)
#1 C:\\Users\\David\\Desktop\\INHA (2 course)\\Semester ll\\Internet Programming\\labs\\lab-8-Dooweed-1\\app\\Post.php(32): error_log(Array)
#2 C:\\Users\\David\\Desktop\\INHA (2 course)\\Semester ll\\Internet Programming\\labs\\lab-8-Dooweed-1\\app\\Http\\Controllers\\PostController.php(51): App\\Post->addPost('\\xD0\\x90\\xD1\\x80\\xD0\\xBC\\xD0\\xB8\\xD1\\x8F \\xD0\\xA1\\xD0\\xA8...', 'safasdfasdfasdf...')
#3 [internal function]: App\\Http\\Controllers\\PostController->postAdminCreate(Object(Illuminate\\Http\\Request))
#4 C:\\Users\\David\\Desktop\\INHA (2 course)\\Semester ll\\Internet Programming\\labs\\lab-8-Dooweed-1\\vendor\\laravel\\framework\\src\\Illuminate\\Routing\\Controller.php(54): call_user_func_array(Array, Array)
#5 C:\\Users\\David\\Desktop\\INHA (2 course)\\Semester ll\\Internet Programming\\labs\\lab-8-Dooweed-1\\vendor\\laravel\\framework\\src\\Illuminate\\Routing\\ControllerDispatcher.php(45): Illuminate\\Routing\\Controller->callAction('postAdminCreate', Array)
#6 C:\\Users\\David\\Desktop\\INHA (2 course)\\Semester ll\\Internet Programming\\labs\\lab-8-Dooweed-1\\vendor\\laravel\\framework\\src\\Illuminate\\Routing\\Route.php(219): Illuminate\\Routing\\ControllerDispatcher->dispatch(Object(Illuminate\\Routing\\Route), Object(App\\Http\\Controllers\\PostController), 'postAdminCreate')
#7 C:\\Users\\David\\Desktop\\INHA (2 course)\\Semester ll\\Internet Programming\\labs\\lab-8-Dooweed-1\\vendor\\laravel\\framework\\src\\Illuminate\\Routing\\Route.php(176): Illuminate\\Routing\\Route->runController()
#8 C:\\Users\\David\\Desktop\\INHA (2 course)\\Semester ll\\Internet Programming\\labs\\lab-8-Dooweed-1\\vendor\\laravel\\framework\\src\\Illuminate\\Routing\\Router.php(680): Illuminate\\Routing\\Route->run()
#9 C:\\Users\\David\\Desktop\\INHA (2 course)\\Semester ll\\Internet Programming\\labs\\lab-8-Dooweed-1\\vendor\\laravel\\framework\\src\\Illuminate\\Routing\\Pipeline.php(30): Illuminate\\Routing\\Router->Illuminate\\Routing\\{closure}(Object(Illuminate\\Http\\Request))
#10 C:\\Users\\David\\Desktop\\INHA (2 course)\\Semester ll\\Internet Programming\\labs\\lab-8-Dooweed-1\\vendor\\laravel\\framework\\src\\Illuminate\\Routing\\Middleware\\SubstituteBindings.php(41): Illuminate\\Routing\\Pipeline->Illuminate\\Routing\\{closure}(Object(Illuminate\\Http\\Request))
#11 C:\\Users\\David\\Desktop\\INHA (2 course)\\Semester ll\\Internet Programming\\labs\\lab-8-Dooweed-1\\vendor\\laravel\\framework\\src\\Illuminate\\Pipeline\\Pipeline.php(163): Illuminate\\Routing\\Middleware\\SubstituteBindings->handle(Object(Illuminate\\Http\\Request), Object(Closure))
#12 C:\\Users\\David\\Desktop\\INHA (2 course)\\Semester ll\\Internet Programming\\labs\\lab-8-Dooweed-1\\vendor\\laravel\\framework\\src\\Illuminate\\Routing\\Pipeline.php(53): Illuminate\\Pipeline\\Pipeline->Illuminate\\Pipeline\\{closure}(Object(Illuminate\\Http\\Request))
#13 C:\\Users\\David\\Desktop\\INHA (2 course)\\Semester ll\\Internet Programming\\labs\\lab-8-Dooweed-1\\vendor\\laravel\\framework\\src\\Illuminate\\Foundation\\Http\\Middleware\\VerifyCsrfToken.php(75): Illuminate\\Routing\\Pipeline->Illuminate\\Routing\\{closure}(Object(Illuminate\\Http\\Request))
#14 C:\\Users\\David\\Desktop\\INHA (2 course)\\Semester ll\\Internet Programming\\labs\\lab-8-Dooweed-1\\vendor\\laravel\\framework\\src\\Illuminate\\Pipeline\\Pipeline.php(163): Illuminate\\Foundation\\Http\\Middleware\\VerifyCsrfToken->handle(Object(Illuminate\\Http\\Request), Object(Closure))
#15 C:\\Users\\David\\Desktop\\INHA (2 course)\\Semester ll\\Internet Programming\\labs\\lab-8-Dooweed-1\\vendor\\laravel\\framework\\src\\Illuminate\\Routing\\Pipeline.php(53): Illuminate\\Pipeline\\Pipeline->Illuminate\\Pipeline\\{closure}(Object(Illuminate\\Http\\Request))
#16 C:\\Users\\David\\Desktop\\INHA (2 course)\\Semester ll\\Internet Programming\\labs\\lab-8-Dooweed-1\\vendor\\laravel\\framework\\src\\Illuminate\\View\\Middleware\\ShareErrorsFromSession.php(49): Illuminate\\Routing\\Pipeline->Illuminate\\Routing\\{closure}(Object(Illuminate\\Http\\Request))
#17 C:\\Users\\David\\Desktop\\INHA (2 course)\\Semester ll\\Internet Programming\\labs\\lab-8-Dooweed-1\\vendor\\laravel\\framework\\src\\Illuminate\\Pipeline\\Pipeline.php(163): Illuminate\\View\\Middleware\\ShareErrorsFromSession->handle(Object(Illuminate\\Http\\Request), Object(Closure))
#18 C:\\Users\\David\\Desktop\\INHA (2 course)\\Semester ll\\Internet Programming\\labs\\lab-8-Dooweed-1\\vendor\\laravel\\framework\\src\\Illuminate\\Routing\\Pipeline.php(53): Illuminate\\Pipeline\\Pipeline->Illuminate\\Pipeline\\{closure}(Object(Illuminate\\Http\\Request))
#19 C:\\Users\\David\\Desktop\\INHA (2 course)\\Semester ll\\Internet Programming\\labs\\lab-8-Dooweed-1\\vendor\\laravel\\framework\\src\\Illuminate\\Session\\Middleware\\StartSession.php(56): Illuminate\\Routing\\Pipeline->Illuminate\\Routing\\{closure}(Object(Illuminate\\Http\\Request))
#20 C:\\Users\\David\\Desktop\\INHA (2 course)\\Semester ll\\Internet Programming\\labs\\lab-8-Dooweed-1\\vendor\\laravel\\framework\\src\\Illuminate\\Pipeline\\Pipeline.php(163): Illuminate\\Session\\Middleware\\StartSession->handle(Object(Illuminate\\Http\\Request), Object(Closure))
#21 C:\\Users\\David\\Desktop\\INHA (2 course)\\Semester ll\\Internet Programming\\labs\\lab-8-Dooweed-1\\vendor\\laravel\\framework\\src\\Illuminate\\Routing\\Pipeline.php(53): Illuminate\\Pipeline\\Pipeline->Illuminate\\Pipeline\\{closure}(Object(Illuminate\\Http\\Request))
#22 C:\\Users\\David\\Desktop\\INHA (2 course)\\Semester ll\\Internet Programming\\labs\\lab-8-Dooweed-1\\vendor\\laravel\\framework\\src\\Illuminate\\Cookie\\Middleware\\AddQueuedCookiesToResponse.php(37): Illuminate\\Routing\\Pipeline->Illuminate\\Routing\\{closure}(Object(Illuminate\\Http\\Request))
#23 C:\\Users\\David\\Desktop\\INHA (2 course)\\Semester ll\\Internet Programming\\labs\\lab-8-Dooweed-1\\vendor\\laravel\\framework\\src\\Illuminate\\Pipeline\\Pipeline.php(163): Illuminate\\Cookie\\Middleware\\AddQueuedCookiesToResponse->handle(Object(Illuminate\\Http\\Request), Object(Closure))
#24 C:\\Users\\David\\Desktop\\INHA (2 course)\\Semester ll\\Internet Programming\\labs\\lab-8-Dooweed-1\\vendor\\laravel\\framework\\src\\Illuminate\\Routing\\Pipeline.php(53): Illuminate\\Pipeline\\Pipeline->Illuminate\\Pipeline\\{closure}(Object(Illuminate\\Http\\Request))
#25 C:\\Users\\David\\Desktop\\INHA (2 course)\\Semester ll\\Internet Programming\\labs\\lab-8-Dooweed-1\\vendor\\laravel\\framework\\src\\Illuminate\\Cookie\\Middleware\\EncryptCookies.php(66): Illuminate\\Routing\\Pipeline->Illuminate\\Routing\\{closure}(Object(Illuminate\\Http\\Request))
#26 C:\\Users\\David\\Desktop\\INHA (2 course)\\Semester ll\\Internet Programming\\labs\\lab-8-Dooweed-1\\vendor\\laravel\\framework\\src\\Illuminate\\Pipeline\\Pipeline.php(163): Illuminate\\Cookie\\Middleware\\EncryptCookies->handle(Object(Illuminate\\Http\\Request), Object(Closure))
#27 C:\\Users\\David\\Desktop\\INHA (2 course)\\Semester ll\\Internet Programming\\labs\\lab-8-Dooweed-1\\vendor\\laravel\\framework\\src\\Illuminate\\Routing\\Pipeline.php(53): Illuminate\\Pipeline\\Pipeline->Illuminate\\Pipeline\\{closure}(Object(Illuminate\\Http\\Request))
#28 C:\\Users\\David\\Desktop\\INHA (2 course)\\Semester ll\\Internet Programming\\labs\\lab-8-Dooweed-1\\vendor\\laravel\\framework\\src\\Illuminate\\Pipeline\\Pipeline.php(104): Illuminate\\Routing\\Pipeline->Illuminate\\Routing\\{closure}(Object(Illuminate\\Http\\Request))
#29 C:\\Users\\David\\Desktop\\INHA (2 course)\\Semester ll\\Internet Programming\\labs\\lab-8-Dooweed-1\\vendor\\laravel\\framework\\src\\Illuminate\\Routing\\Router.php(682): Illuminate\\Pipeline\\Pipeline->then(Object(Closure))
#30 C:\\Users\\David\\Desktop\\INHA (2 course)\\Semester ll\\Internet Programming\\labs\\lab-8-Dooweed-1\\vendor\\laravel\\framework\\src\\Illuminate\\Routing\\Router.php(657): Illuminate\\Routing\\Router->runRouteWithinStack(Object(Illuminate\\Routing\\Route), Object(Illuminate\\Http\\Request))
#31 C:\\Users\\David\\Desktop\\INHA (2 course)\\Semester ll\\Internet Programming\\labs\\lab-8-Dooweed-1\\vendor\\laravel\\framework\\src\\Illuminate\\Routing\\Router.php(623): Illuminate\\Routing\\Router->runRoute(Object(Illuminate\\Http\\Request), Object(Illuminate\\Routing\\Route))
#32 C:\\Users\\David\\Desktop\\INHA (2 course)\\Semester ll\\Internet Programming\\labs\\lab-8-Dooweed-1\\vendor\\laravel\\framework\\src\\Illuminate\\Routing\\Router.php(612): Illuminate\\Routing\\Router->dispatchToRoute(Object(Illuminate\\Http\\Request))
#33 C:\\Users\\David\\Desktop\\INHA (2 course)\\Semester ll\\Internet Programming\\labs\\lab-8-Dooweed-1\\vendor\\laravel\\framework\\src\\Illuminate\\Foundation\\Http\\Kernel.php(176): Illuminate\\Routing\\Router->dispatch(Object(Illuminate\\Http\\Request))
#34 C:\\Users\\David\\Desktop\\INHA (2 course)\\Semester ll\\Internet Programming\\labs\\lab-8-Dooweed-1\\vendor\\laravel\\framework\\src\\Illuminate\\Routing\\Pipeline.php(30): Illuminate\\Foundation\\Http\\Kernel->Illuminate\\Foundation\\Http\\{closure}(Object(Illuminate\\Http\\Request))
#35 C:\\Users\\David\\Desktop\\INHA (2 course)\\Semester ll\\Internet Programming\\labs\\lab-8-Dooweed-1\\vendor\\fideloper\\proxy\\src\\TrustProxies.php(57): Illuminate\\Routing\\Pipeline->Illuminate\\Routing\\{closure}(Object(Illuminate\\Http\\Request))
#36 C:\\Users\\David\\Desktop\\INHA (2 course)\\Semester ll\\Internet Programming\\labs\\lab-8-Dooweed-1\\vendor\\laravel\\framework\\src\\Illuminate\\Pipeline\\Pipeline.php(163): Fideloper\\Proxy\\TrustProxies->handle(Object(Illuminate\\Http\\Request), Object(Closure))
#37 C:\\Users\\David\\Desktop\\INHA (2 course)\\Semester ll\\Internet Programming\\labs\\lab-8-Dooweed-1\\vendor\\laravel\\framework\\src\\Illuminate\\Routing\\Pipeline.php(53): Illuminate\\Pipeline\\Pipeline->Illuminate\\Pipeline\\{closure}(Object(Illuminate\\Http\\Request))
#38 C:\\Users\\David\\Desktop\\INHA (2 course)\\Semester ll\\Internet Programming\\labs\\lab-8-Dooweed-1\\vendor\\laravel\\framework\\src\\Illuminate\\Foundation\\Http\\Middleware\\TransformsRequest.php(21): Illuminate\\Routing\\Pipeline->Illuminate\\Routing\\{closure}(Object(Illuminate\\Http\\Request))
#39 C:\\Users\\David\\Desktop\\INHA (2 course)\\Semester ll\\Internet Programming\\labs\\lab-8-Dooweed-1\\vendor\\laravel\\framework\\src\\Illuminate\\Pipeline\\Pipeline.php(163): Illuminate\\Foundation\\Http\\Middleware\\TransformsRequest->handle(Object(Illuminate\\Http\\Request), Object(Closure))
#40 C:\\Users\\David\\Desktop\\INHA (2 course)\\Semester ll\\Internet Programming\\labs\\lab-8-Dooweed-1\\vendor\\laravel\\framework\\src\\Illuminate\\Routing\\Pipeline.php(53): Illuminate\\Pipeline\\Pipeline->Illuminate\\Pipeline\\{closure}(Object(Illuminate\\Http\\Request))
#41 C:\\Users\\David\\Desktop\\INHA (2 course)\\Semester ll\\Internet Programming\\labs\\lab-8-Dooweed-1\\vendor\\laravel\\framework\\src\\Illuminate\\Foundation\\Http\\Middleware\\TransformsRequest.php(21): Illuminate\\Routing\\Pipeline->Illuminate\\Routing\\{closure}(Object(Illuminate\\Http\\Request))
#42 C:\\Users\\David\\Desktop\\INHA (2 course)\\Semester ll\\Internet Programming\\labs\\lab-8-Dooweed-1\\vendor\\laravel\\framework\\src\\Illuminate\\Pipeline\\Pipeline.php(163): Illuminate\\Foundation\\Http\\Middleware\\TransformsRequest->handle(Object(Illuminate\\Http\\Request), Object(Closure))
#43 C:\\Users\\David\\Desktop\\INHA (2 course)\\Semester ll\\Internet Programming\\labs\\lab-8-Dooweed-1\\vendor\\laravel\\framework\\src\\Illuminate\\Routing\\Pipeline.php(53): Illuminate\\Pipeline\\Pipeline->Illuminate\\Pipeline\\{closure}(Object(Illuminate\\Http\\Request))
#44 C:\\Users\\David\\Desktop\\INHA (2 course)\\Semester ll\\Internet Programming\\labs\\lab-8-Dooweed-1\\vendor\\laravel\\framework\\src\\Illuminate\\Foundation\\Http\\Middleware\\ValidatePostSize.php(27): Illuminate\\Routing\\Pipeline->Illuminate\\Routing\\{closure}(Object(Illuminate\\Http\\Request))
#45 C:\\Users\\David\\Desktop\\INHA (2 course)\\Semester ll\\Internet Programming\\labs\\lab-8-Dooweed-1\\vendor\\laravel\\framework\\src\\Illuminate\\Pipeline\\Pipeline.php(163): Illuminate\\Foundation\\Http\\Middleware\\ValidatePostSize->handle(Object(Illuminate\\Http\\Request), Object(Closure))
#46 C:\\Users\\David\\Desktop\\INHA (2 course)\\Semester ll\\Internet Programming\\labs\\lab-8-Dooweed-1\\vendor\\laravel\\framework\\src\\Illuminate\\Routing\\Pipeline.php(53): Illuminate\\Pipeline\\Pipeline->Illuminate\\Pipeline\\{closure}(Object(Illuminate\\Http\\Request))
#47 C:\\Users\\David\\Desktop\\INHA (2 course)\\Semester ll\\Internet Programming\\labs\\lab-8-Dooweed-1\\vendor\\laravel\\framework\\src\\Illuminate\\Foundation\\Http\\Middleware\\CheckForMaintenanceMode.php(62): Illuminate\\Routing\\Pipeline->Illuminate\\Routing\\{closure}(Object(Illuminate\\Http\\Request))
#48 C:\\Users\\David\\Desktop\\INHA (2 course)\\Semester ll\\Internet Programming\\labs\\lab-8-Dooweed-1\\vendor\\laravel\\framework\\src\\Illuminate\\Pipeline\\Pipeline.php(163): Illuminate\\Foundation\\Http\\Middleware\\CheckForMaintenanceMode->handle(Object(Illuminate\\Http\\Request), Object(Closure))
#49 C:\\Users\\David\\Desktop\\INHA (2 course)\\Semester ll\\Internet Programming\\labs\\lab-8-Dooweed-1\\vendor\\laravel\\framework\\src\\Illuminate\\Routing\\Pipeline.php(53): Illuminate\\Pipeline\\Pipeline->Illuminate\\Pipeline\\{closure}(Object(Illuminate\\Http\\Request))
#50 C:\\Users\\David\\Desktop\\INHA (2 course)\\Semester ll\\Internet Programming\\labs\\lab-8-Dooweed-1\\vendor\\laravel\\framework\\src\\Illuminate\\Pipeline\\Pipeline.php(104): Illuminate\\Routing\\Pipeline->Illuminate\\Routing\\{closure}(Object(Illuminate\\Http\\Request))
#51 C:\\Users\\David\\Desktop\\INHA (2 course)\\Semester ll\\Internet Programming\\labs\\lab-8-Dooweed-1\\vendor\\laravel\\framework\\src\\Illuminate\\Foundation\\Http\\Kernel.php(151): Illuminate\\Pipeline\\Pipeline->then(Object(Closure))
#52 C:\\Users\\David\\Desktop\\INHA (2 course)\\Semester ll\\Internet Programming\\labs\\lab-8-Dooweed-1\\vendor\\laravel\\framework\\src\\Illuminate\\Foundation\\Http\\Kernel.php(116): Illuminate\\Foundation\\Http\\Kernel->sendRequestThroughRouter(Object(Illuminate\\Http\\Request))
#53 C:\\Users\\David\\Desktop\\INHA (2 course)\\Semester ll\\Internet Programming\\labs\\lab-8-Dooweed-1\\public\\index.php(55): Illuminate\\Foundation\\Http\\Kernel->handle(Object(Illuminate\\Http\\Request))
#54 C:\\Users\\David\\Desktop\\INHA (2 course)\\Semester ll\\Internet Programming\\labs\\lab-8-Dooweed-1\\server.php(21): require_once('C:\\\\Users\\\\David\\\\...')
#55 {main}
"} 
[2021-04-23 00:03:54] local.ERROR: Array to string conversion {"exception":"[object] (ErrorException(code: 0): Array to string conversion at C:\\Users\\David\\Desktop\\INHA (2 course)\\Semester ll\\Internet Programming\\labs\\lab-8-Dooweed-1\\app\\Post.php:32)
[stacktrace]
#0 [internal function]: Illuminate\\Foundation\\Bootstrap\\HandleExceptions->handleError(8, 'Array to string...', 'C:\\\\Users\\\\David\\\\...', 32, Array)
#1 C:\\Users\\David\\Desktop\\INHA (2 course)\\Semester ll\\Internet Programming\\labs\\lab-8-Dooweed-1\\app\\Post.php(32): implode(', ', Array)
#2 C:\\Users\\David\\Desktop\\INHA (2 course)\\Semester ll\\Internet Programming\\labs\\lab-8-Dooweed-1\\app\\Http\\Controllers\\PostController.php(51): App\\Post->addPost('\\xD0\\x90\\xD1\\x80\\xD0\\xBC\\xD0\\xB8\\xD1\\x8F \\xD0\\xA1\\xD0\\xA8...', 'safasdfasdfasdf...')
#3 [internal function]: App\\Http\\Controllers\\PostController->postAdminCreate(Object(Illuminate\\Http\\Request))
#4 C:\\Users\\David\\Desktop\\INHA (2 course)\\Semester ll\\Internet Programming\\labs\\lab-8-Dooweed-1\\vendor\\laravel\\framework\\src\\Illuminate\\Routing\\Controller.php(54): call_user_func_array(Array, Array)
#5 C:\\Users\\David\\Desktop\\INHA (2 course)\\Semester ll\\Internet Programming\\labs\\lab-8-Dooweed-1\\vendor\\laravel\\framework\\src\\Illuminate\\Routing\\ControllerDispatcher.php(45): Illuminate\\Routing\\Controller->callAction('postAdminCreate', Array)
#6 C:\\Users\\David\\Desktop\\INHA (2 course)\\Semester ll\\Internet Programming\\labs\\lab-8-Dooweed-1\\vendor\\laravel\\framework\\src\\Illuminate\\Routing\\Route.php(219): Illuminate\\Routing\\ControllerDispatcher->dispatch(Object(Illuminate\\Routing\\Route), Object(App\\Http\\Controllers\\PostController), 'postAdminCreate')
#7 C:\\Users\\David\\Desktop\\INHA (2 course)\\Semester ll\\Internet Programming\\labs\\lab-8-Dooweed-1\\vendor\\laravel\\framework\\src\\Illuminate\\Routing\\Route.php(176): Illuminate\\Routing\\Route->runController()
#8 C:\\Users\\David\\Desktop\\INHA (2 course)\\Semester ll\\Internet Programming\\labs\\lab-8-Dooweed-1\\vendor\\laravel\\framework\\src\\Illuminate\\Routing\\Router.php(680): Illuminate\\Routing\\Route->run()
#9 C:\\Users\\David\\Desktop\\INHA (2 course)\\Semester ll\\Internet Programming\\labs\\lab-8-Dooweed-1\\vendor\\laravel\\framework\\src\\Illuminate\\Routing\\Pipeline.php(30): Illuminate\\Routing\\Router->Illuminate\\Routing\\{closure}(Object(Illuminate\\Http\\Request))
#10 C:\\Users\\David\\Desktop\\INHA (2 course)\\Semester ll\\Internet Programming\\labs\\lab-8-Dooweed-1\\vendor\\laravel\\framework\\src\\Illuminate\\Routing\\Middleware\\SubstituteBindings.php(41): Illuminate\\Routing\\Pipeline->Illuminate\\Routing\\{closure}(Object(Illuminate\\Http\\Request))
#11 C:\\Users\\David\\Desktop\\INHA (2 course)\\Semester ll\\Internet Programming\\labs\\lab-8-Dooweed-1\\vendor\\laravel\\framework\\src\\Illuminate\\Pipeline\\Pipeline.php(163): Illuminate\\Routing\\Middleware\\SubstituteBindings->handle(Object(Illuminate\\Http\\Request), Object(Closure))
#12 C:\\Users\\David\\Desktop\\INHA (2 course)\\Semester ll\\Internet Programming\\labs\\lab-8-Dooweed-1\\vendor\\laravel\\framework\\src\\Illuminate\\Routing\\Pipeline.php(53): Illuminate\\Pipeline\\Pipeline->Illuminate\\Pipeline\\{closure}(Object(Illuminate\\Http\\Request))
#13 C:\\Users\\David\\Desktop\\INHA (2 course)\\Semester ll\\Internet Programming\\labs\\lab-8-Dooweed-1\\vendor\\laravel\\framework\\src\\Illuminate\\Foundation\\Http\\Middleware\\VerifyCsrfToken.php(75): Illuminate\\Routing\\Pipeline->Illuminate\\Routing\\{closure}(Object(Illuminate\\Http\\Request))
#14 C:\\Users\\David\\Desktop\\INHA (2 course)\\Semester ll\\Internet Programming\\labs\\lab-8-Dooweed-1\\vendor\\laravel\\framework\\src\\Illuminate\\Pipeline\\Pipeline.php(163): Illuminate\\Foundation\\Http\\Middleware\\VerifyCsrfToken->handle(Object(Illuminate\\Http\\Request), Object(Closure))
#15 C:\\Users\\David\\Desktop\\INHA (2 course)\\Semester ll\\Internet Programming\\labs\\lab-8-Dooweed-1\\vendor\\laravel\\framework\\src\\Illuminate\\Routing\\Pipeline.php(53): Illuminate\\Pipeline\\Pipeline->Illuminate\\Pipeline\\{closure}(Object(Illuminate\\Http\\Request))
#16 C:\\Users\\David\\Desktop\\INHA (2 course)\\Semester ll\\Internet Programming\\labs\\lab-8-Dooweed-1\\vendor\\laravel\\framework\\src\\Illuminate\\View\\Middleware\\ShareErrorsFromSession.php(49): Illuminate\\Routing\\Pipeline->Illuminate\\Routing\\{closure}(Object(Illuminate\\Http\\Request))
#17 C:\\Users\\David\\Desktop\\INHA (2 course)\\Semester ll\\Internet Programming\\labs\\lab-8-Dooweed-1\\vendor\\laravel\\framework\\src\\Illuminate\\Pipeline\\Pipeline.php(163): Illuminate\\View\\Middleware\\ShareErrorsFromSession->handle(Object(Illuminate\\Http\\Request), Object(Closure))
#18 C:\\Users\\David\\Desktop\\INHA (2 course)\\Semester ll\\Internet Programming\\labs\\lab-8-Dooweed-1\\vendor\\laravel\\framework\\src\\Illuminate\\Routing\\Pipeline.php(53): Illuminate\\Pipeline\\Pipeline->Illuminate\\Pipeline\\{closure}(Object(Illuminate\\Http\\Request))
#19 C:\\Users\\David\\Desktop\\INHA (2 course)\\Semester ll\\Internet Programming\\labs\\lab-8-Dooweed-1\\vendor\\laravel\\framework\\src\\Illuminate\\Session\\Middleware\\StartSession.php(56): Illuminate\\Routing\\Pipeline->Illuminate\\Routing\\{closure}(Object(Illuminate\\Http\\Request))
#20 C:\\Users\\David\\Desktop\\INHA (2 course)\\Semester ll\\Internet Programming\\labs\\lab-8-Dooweed-1\\vendor\\laravel\\framework\\src\\Illuminate\\Pipeline\\Pipeline.php(163): Illuminate\\Session\\Middleware\\StartSession->handle(Object(Illuminate\\Http\\Request), Object(Closure))
#21 C:\\Users\\David\\Desktop\\INHA (2 course)\\Semester ll\\Internet Programming\\labs\\lab-8-Dooweed-1\\vendor\\laravel\\framework\\src\\Illuminate\\Routing\\Pipeline.php(53): Illuminate\\Pipeline\\Pipeline->Illuminate\\Pipeline\\{closure}(Object(Illuminate\\Http\\Request))
#22 C:\\Users\\David\\Desktop\\INHA (2 course)\\Semester ll\\Internet Programming\\labs\\lab-8-Dooweed-1\\vendor\\laravel\\framework\\src\\Illuminate\\Cookie\\Middleware\\AddQueuedCookiesToResponse.php(37): Illuminate\\Routing\\Pipeline->Illuminate\\Routing\\{closure}(Object(Illuminate\\Http\\Request))
#23 C:\\Users\\David\\Desktop\\INHA (2 course)\\Semester ll\\Internet Programming\\labs\\lab-8-Dooweed-1\\vendor\\laravel\\framework\\src\\Illuminate\\Pipeline\\Pipeline.php(163): Illuminate\\Cookie\\Middleware\\AddQueuedCookiesToResponse->handle(Object(Illuminate\\Http\\Request), Object(Closure))
#24 C:\\Users\\David\\Desktop\\INHA (2 course)\\Semester ll\\Internet Programming\\labs\\lab-8-Dooweed-1\\vendor\\laravel\\framework\\src\\Illuminate\\Routing\\Pipeline.php(53): Illuminate\\Pipeline\\Pipeline->Illuminate\\Pipeline\\{closure}(Object(Illuminate\\Http\\Request))
#25 C:\\Users\\David\\Desktop\\INHA (2 course)\\Semester ll\\Internet Programming\\labs\\lab-8-Dooweed-1\\vendor\\laravel\\framework\\src\\Illuminate\\Cookie\\Middleware\\EncryptCookies.php(66): Illuminate\\Routing\\Pipeline->Illuminate\\Routing\\{closure}(Object(Illuminate\\Http\\Request))
#26 C:\\Users\\David\\Desktop\\INHA (2 course)\\Semester ll\\Internet Programming\\labs\\lab-8-Dooweed-1\\vendor\\laravel\\framework\\src\\Illuminate\\Pipeline\\Pipeline.php(163): Illuminate\\Cookie\\Middleware\\EncryptCookies->handle(Object(Illuminate\\Http\\Request), Object(Closure))
#27 C:\\Users\\David\\Desktop\\INHA (2 course)\\Semester ll\\Internet Programming\\labs\\lab-8-Dooweed-1\\vendor\\laravel\\framework\\src\\Illuminate\\Routing\\Pipeline.php(53): Illuminate\\Pipeline\\Pipeline->Illuminate\\Pipeline\\{closure}(Object(Illuminate\\Http\\Request))
#28 C:\\Users\\David\\Desktop\\INHA (2 course)\\Semester ll\\Internet Programming\\labs\\lab-8-Dooweed-1\\vendor\\laravel\\framework\\src\\Illuminate\\Pipeline\\Pipeline.php(104): Illuminate\\Routing\\Pipeline->Illuminate\\Routing\\{closure}(Object(Illuminate\\Http\\Request))
#29 C:\\Users\\David\\Desktop\\INHA (2 course)\\Semester ll\\Internet Programming\\labs\\lab-8-Dooweed-1\\vendor\\laravel\\framework\\src\\Illuminate\\Routing\\Router.php(682): Illuminate\\Pipeline\\Pipeline->then(Object(Closure))
#30 C:\\Users\\David\\Desktop\\INHA (2 course)\\Semester ll\\Internet Programming\\labs\\lab-8-Dooweed-1\\vendor\\laravel\\framework\\src\\Illuminate\\Routing\\Router.php(657): Illuminate\\Routing\\Router->runRouteWithinStack(Object(Illuminate\\Routing\\Route), Object(Illuminate\\Http\\Request))
#31 C:\\Users\\David\\Desktop\\INHA (2 course)\\Semester ll\\Internet Programming\\labs\\lab-8-Dooweed-1\\vendor\\laravel\\framework\\src\\Illuminate\\Routing\\Router.php(623): Illuminate\\Routing\\Router->runRoute(Object(Illuminate\\Http\\Request), Object(Illuminate\\Routing\\Route))
#32 C:\\Users\\David\\Desktop\\INHA (2 course)\\Semester ll\\Internet Programming\\labs\\lab-8-Dooweed-1\\vendor\\laravel\\framework\\src\\Illuminate\\Routing\\Router.php(612): Illuminate\\Routing\\Router->dispatchToRoute(Object(Illuminate\\Http\\Request))
#33 C:\\Users\\David\\Desktop\\INHA (2 course)\\Semester ll\\Internet Programming\\labs\\lab-8-Dooweed-1\\vendor\\laravel\\framework\\src\\Illuminate\\Foundation\\Http\\Kernel.php(176): Illuminate\\Routing\\Router->dispatch(Object(Illuminate\\Http\\Request))
#34 C:\\Users\\David\\Desktop\\INHA (2 course)\\Semester ll\\Internet Programming\\labs\\lab-8-Dooweed-1\\vendor\\laravel\\framework\\src\\Illuminate\\Routing\\Pipeline.php(30): Illuminate\\Foundation\\Http\\Kernel->Illuminate\\Foundation\\Http\\{closure}(Object(Illuminate\\Http\\Request))
#35 C:\\Users\\David\\Desktop\\INHA (2 course)\\Semester ll\\Internet Programming\\labs\\lab-8-Dooweed-1\\vendor\\fideloper\\proxy\\src\\TrustProxies.php(57): Illuminate\\Routing\\Pipeline->Illuminate\\Routing\\{closure}(Object(Illuminate\\Http\\Request))
#36 C:\\Users\\David\\Desktop\\INHA (2 course)\\Semester ll\\Internet Programming\\labs\\lab-8-Dooweed-1\\vendor\\laravel\\framework\\src\\Illuminate\\Pipeline\\Pipeline.php(163): Fideloper\\Proxy\\TrustProxies->handle(Object(Illuminate\\Http\\Request), Object(Closure))
#37 C:\\Users\\David\\Desktop\\INHA (2 course)\\Semester ll\\Internet Programming\\labs\\lab-8-Dooweed-1\\vendor\\laravel\\framework\\src\\Illuminate\\Routing\\Pipeline.php(53): Illuminate\\Pipeline\\Pipeline->Illuminate\\Pipeline\\{closure}(Object(Illuminate\\Http\\Request))
#38 C:\\Users\\David\\Desktop\\INHA (2 course)\\Semester ll\\Internet Programming\\labs\\lab-8-Dooweed-1\\vendor\\laravel\\framework\\src\\Illuminate\\Foundation\\Http\\Middleware\\TransformsRequest.php(21): Illuminate\\Routing\\Pipeline->Illuminate\\Routing\\{closure}(Object(Illuminate\\Http\\Request))
#39 C:\\Users\\David\\Desktop\\INHA (2 course)\\Semester ll\\Internet Programming\\labs\\lab-8-Dooweed-1\\vendor\\laravel\\framework\\src\\Illuminate\\Pipeline\\Pipeline.php(163): Illuminate\\Foundation\\Http\\Middleware\\TransformsRequest->handle(Object(Illuminate\\Http\\Request), Object(Closure))
#40 C:\\Users\\David\\Desktop\\INHA (2 course)\\Semester ll\\Internet Programming\\labs\\lab-8-Dooweed-1\\vendor\\laravel\\framework\\src\\Illuminate\\Routing\\Pipeline.php(53): Illuminate\\Pipeline\\Pipeline->Illuminate\\Pipeline\\{closure}(Object(Illuminate\\Http\\Request))
#41 C:\\Users\\David\\Desktop\\INHA (2 course)\\Semester ll\\Internet Programming\\labs\\lab-8-Dooweed-1\\vendor\\laravel\\framework\\src\\Illuminate\\Foundation\\Http\\Middleware\\TransformsRequest.php(21): Illuminate\\Routing\\Pipeline->Illuminate\\Routing\\{closure}(Object(Illuminate\\Http\\Request))
#42 C:\\Users\\David\\Desktop\\INHA (2 course)\\Semester ll\\Internet Programming\\labs\\lab-8-Dooweed-1\\vendor\\laravel\\framework\\src\\Illuminate\\Pipeline\\Pipeline.php(163): Illuminate\\Foundation\\Http\\Middleware\\TransformsRequest->handle(Object(Illuminate\\Http\\Request), Object(Closure))
#43 C:\\Users\\David\\Desktop\\INHA (2 course)\\Semester ll\\Internet Programming\\labs\\lab-8-Dooweed-1\\vendor\\laravel\\framework\\src\\Illuminate\\Routing\\Pipeline.php(53): Illuminate\\Pipeline\\Pipeline->Illuminate\\Pipeline\\{closure}(Object(Illuminate\\Http\\Request))
#44 C:\\Users\\David\\Desktop\\INHA (2 course)\\Semester ll\\Internet Programming\\labs\\lab-8-Dooweed-1\\vendor\\laravel\\framework\\src\\Illuminate\\Foundation\\Http\\Middleware\\ValidatePostSize.php(27): Illuminate\\Routing\\Pipeline->Illuminate\\Routing\\{closure}(Object(Illuminate\\Http\\Request))
#45 C:\\Users\\David\\Desktop\\INHA (2 course)\\Semester ll\\Internet Programming\\labs\\lab-8-Dooweed-1\\vendor\\laravel\\framework\\src\\Illuminate\\Pipeline\\Pipeline.php(163): Illuminate\\Foundation\\Http\\Middleware\\ValidatePostSize->handle(Object(Illuminate\\Http\\Request), Object(Closure))
#46 C:\\Users\\David\\Desktop\\INHA (2 course)\\Semester ll\\Internet Programming\\labs\\lab-8-Dooweed-1\\vendor\\laravel\\framework\\src\\Illuminate\\Routing\\Pipeline.php(53): Illuminate\\Pipeline\\Pipeline->Illuminate\\Pipeline\\{closure}(Object(Illuminate\\Http\\Request))
#47 C:\\Users\\David\\Desktop\\INHA (2 course)\\Semester ll\\Internet Programming\\labs\\lab-8-Dooweed-1\\vendor\\laravel\\framework\\src\\Illuminate\\Foundation\\Http\\Middleware\\CheckForMaintenanceMode.php(62): Illuminate\\Routing\\Pipeline->Illuminate\\Routing\\{closure}(Object(Illuminate\\Http\\Request))
#48 C:\\Users\\David\\Desktop\\INHA (2 course)\\Semester ll\\Internet Programming\\labs\\lab-8-Dooweed-1\\vendor\\laravel\\framework\\src\\Illuminate\\Pipeline\\Pipeline.php(163): Illuminate\\Foundation\\Http\\Middleware\\CheckForMaintenanceMode->handle(Object(Illuminate\\Http\\Request), Object(Closure))
#49 C:\\Users\\David\\Desktop\\INHA (2 course)\\Semester ll\\Internet Programming\\labs\\lab-8-Dooweed-1\\vendor\\laravel\\framework\\src\\Illuminate\\Routing\\Pipeline.php(53): Illuminate\\Pipeline\\Pipeline->Illuminate\\Pipeline\\{closure}(Object(Illuminate\\Http\\Request))
#50 C:\\Users\\David\\Desktop\\INHA (2 course)\\Semester ll\\Internet Programming\\labs\\lab-8-Dooweed-1\\vendor\\laravel\\framework\\src\\Illuminate\\Pipeline\\Pipeline.php(104): Illuminate\\Routing\\Pipeline->Illuminate\\Routing\\{closure}(Object(Illuminate\\Http\\Request))
#51 C:\\Users\\David\\Desktop\\INHA (2 course)\\Semester ll\\Internet Programming\\labs\\lab-8-Dooweed-1\\vendor\\laravel\\framework\\src\\Illuminate\\Foundation\\Http\\Kernel.php(151): Illuminate\\Pipeline\\Pipeline->then(Object(Closure))
#52 C:\\Users\\David\\Desktop\\INHA (2 course)\\Semester ll\\Internet Programming\\labs\\lab-8-Dooweed-1\\vendor\\laravel\\framework\\src\\Illuminate\\Foundation\\Http\\Kernel.php(116): Illuminate\\Foundation\\Http\\Kernel->sendRequestThroughRouter(Object(Illuminate\\Http\\Request))
#53 C:\\Users\\David\\Desktop\\INHA (2 course)\\Semester ll\\Internet Programming\\labs\\lab-8-Dooweed-1\\public\\index.php(55): Illuminate\\Foundation\\Http\\Kernel->handle(Object(Illuminate\\Http\\Request))
#54 C:\\Users\\David\\Desktop\\INHA (2 course)\\Semester ll\\Internet Programming\\labs\\lab-8-Dooweed-1\\server.php(21): require_once('C:\\\\Users\\\\David\\\\...')
#55 {main}
"} 
[2021-04-23 00:04:09] local.ERROR: Array to string conversion {"exception":"[object] (ErrorException(code: 0): Array to string conversion at C:\\Users\\David\\Desktop\\INHA (2 course)\\Semester ll\\Internet Programming\\labs\\lab-8-Dooweed-1\\app\\Post.php:32)
[stacktrace]
#0 [internal function]: Illuminate\\Foundation\\Bootstrap\\HandleExceptions->handleError(8, 'Array to string...', 'C:\\\\Users\\\\David\\\\...', 32, Array)
#1 C:\\Users\\David\\Desktop\\INHA (2 course)\\Semester ll\\Internet Programming\\labs\\lab-8-Dooweed-1\\app\\Post.php(32): implode(', ', Array)
#2 C:\\Users\\David\\Desktop\\INHA (2 course)\\Semester ll\\Internet Programming\\labs\\lab-8-Dooweed-1\\app\\Http\\Controllers\\PostController.php(51): App\\Post->addPost('\\xD0\\x90\\xD1\\x80\\xD0\\xBC\\xD0\\xB8\\xD1\\x8F \\xD0\\xA1\\xD0\\xA8...', 'safasdfasdfasdf...')
#3 [internal function]: App\\Http\\Controllers\\PostController->postAdminCreate(Object(Illuminate\\Http\\Request))
#4 C:\\Users\\David\\Desktop\\INHA (2 course)\\Semester ll\\Internet Programming\\labs\\lab-8-Dooweed-1\\vendor\\laravel\\framework\\src\\Illuminate\\Routing\\Controller.php(54): call_user_func_array(Array, Array)
#5 C:\\Users\\David\\Desktop\\INHA (2 course)\\Semester ll\\Internet Programming\\labs\\lab-8-Dooweed-1\\vendor\\laravel\\framework\\src\\Illuminate\\Routing\\ControllerDispatcher.php(45): Illuminate\\Routing\\Controller->callAction('postAdminCreate', Array)
#6 C:\\Users\\David\\Desktop\\INHA (2 course)\\Semester ll\\Internet Programming\\labs\\lab-8-Dooweed-1\\vendor\\laravel\\framework\\src\\Illuminate\\Routing\\Route.php(219): Illuminate\\Routing\\ControllerDispatcher->dispatch(Object(Illuminate\\Routing\\Route), Object(App\\Http\\Controllers\\PostController), 'postAdminCreate')
#7 C:\\Users\\David\\Desktop\\INHA (2 course)\\Semester ll\\Internet Programming\\labs\\lab-8-Dooweed-1\\vendor\\laravel\\framework\\src\\Illuminate\\Routing\\Route.php(176): Illuminate\\Routing\\Route->runController()
#8 C:\\Users\\David\\Desktop\\INHA (2 course)\\Semester ll\\Internet Programming\\labs\\lab-8-Dooweed-1\\vendor\\laravel\\framework\\src\\Illuminate\\Routing\\Router.php(680): Illuminate\\Routing\\Route->run()
#9 C:\\Users\\David\\Desktop\\INHA (2 course)\\Semester ll\\Internet Programming\\labs\\lab-8-Dooweed-1\\vendor\\laravel\\framework\\src\\Illuminate\\Routing\\Pipeline.php(30): Illuminate\\Routing\\Router->Illuminate\\Routing\\{closure}(Object(Illuminate\\Http\\Request))
#10 C:\\Users\\David\\Desktop\\INHA (2 course)\\Semester ll\\Internet Programming\\labs\\lab-8-Dooweed-1\\vendor\\laravel\\framework\\src\\Illuminate\\Routing\\Middleware\\SubstituteBindings.php(41): Illuminate\\Routing\\Pipeline->Illuminate\\Routing\\{closure}(Object(Illuminate\\Http\\Request))
#11 C:\\Users\\David\\Desktop\\INHA (2 course)\\Semester ll\\Internet Programming\\labs\\lab-8-Dooweed-1\\vendor\\laravel\\framework\\src\\Illuminate\\Pipeline\\Pipeline.php(163): Illuminate\\Routing\\Middleware\\SubstituteBindings->handle(Object(Illuminate\\Http\\Request), Object(Closure))
#12 C:\\Users\\David\\Desktop\\INHA (2 course)\\Semester ll\\Internet Programming\\labs\\lab-8-Dooweed-1\\vendor\\laravel\\framework\\src\\Illuminate\\Routing\\Pipeline.php(53): Illuminate\\Pipeline\\Pipeline->Illuminate\\Pipeline\\{closure}(Object(Illuminate\\Http\\Request))
#13 C:\\Users\\David\\Desktop\\INHA (2 course)\\Semester ll\\Internet Programming\\labs\\lab-8-Dooweed-1\\vendor\\laravel\\framework\\src\\Illuminate\\Foundation\\Http\\Middleware\\VerifyCsrfToken.php(75): Illuminate\\Routing\\Pipeline->Illuminate\\Routing\\{closure}(Object(Illuminate\\Http\\Request))
#14 C:\\Users\\David\\Desktop\\INHA (2 course)\\Semester ll\\Internet Programming\\labs\\lab-8-Dooweed-1\\vendor\\laravel\\framework\\src\\Illuminate\\Pipeline\\Pipeline.php(163): Illuminate\\Foundation\\Http\\Middleware\\VerifyCsrfToken->handle(Object(Illuminate\\Http\\Request), Object(Closure))
#15 C:\\Users\\David\\Desktop\\INHA (2 course)\\Semester ll\\Internet Programming\\labs\\lab-8-Dooweed-1\\vendor\\laravel\\framework\\src\\Illuminate\\Routing\\Pipeline.php(53): Illuminate\\Pipeline\\Pipeline->Illuminate\\Pipeline\\{closure}(Object(Illuminate\\Http\\Request))
#16 C:\\Users\\David\\Desktop\\INHA (2 course)\\Semester ll\\Internet Programming\\labs\\lab-8-Dooweed-1\\vendor\\laravel\\framework\\src\\Illuminate\\View\\Middleware\\ShareErrorsFromSession.php(49): Illuminate\\Routing\\Pipeline->Illuminate\\Routing\\{closure}(Object(Illuminate\\Http\\Request))
#17 C:\\Users\\David\\Desktop\\INHA (2 course)\\Semester ll\\Internet Programming\\labs\\lab-8-Dooweed-1\\vendor\\laravel\\framework\\src\\Illuminate\\Pipeline\\Pipeline.php(163): Illuminate\\View\\Middleware\\ShareErrorsFromSession->handle(Object(Illuminate\\Http\\Request), Object(Closure))
#18 C:\\Users\\David\\Desktop\\INHA (2 course)\\Semester ll\\Internet Programming\\labs\\lab-8-Dooweed-1\\vendor\\laravel\\framework\\src\\Illuminate\\Routing\\Pipeline.php(53): Illuminate\\Pipeline\\Pipeline->Illuminate\\Pipeline\\{closure}(Object(Illuminate\\Http\\Request))
#19 C:\\Users\\David\\Desktop\\INHA (2 course)\\Semester ll\\Internet Programming\\labs\\lab-8-Dooweed-1\\vendor\\laravel\\framework\\src\\Illuminate\\Session\\Middleware\\StartSession.php(56): Illuminate\\Routing\\Pipeline->Illuminate\\Routing\\{closure}(Object(Illuminate\\Http\\Request))
#20 C:\\Users\\David\\Desktop\\INHA (2 course)\\Semester ll\\Internet Programming\\labs\\lab-8-Dooweed-1\\vendor\\laravel\\framework\\src\\Illuminate\\Pipeline\\Pipeline.php(163): Illuminate\\Session\\Middleware\\StartSession->handle(Object(Illuminate\\Http\\Request), Object(Closure))
#21 C:\\Users\\David\\Desktop\\INHA (2 course)\\Semester ll\\Internet Programming\\labs\\lab-8-Dooweed-1\\vendor\\laravel\\framework\\src\\Illuminate\\Routing\\Pipeline.php(53): Illuminate\\Pipeline\\Pipeline->Illuminate\\Pipeline\\{closure}(Object(Illuminate\\Http\\Request))
#22 C:\\Users\\David\\Desktop\\INHA (2 course)\\Semester ll\\Internet Programming\\labs\\lab-8-Dooweed-1\\vendor\\laravel\\framework\\src\\Illuminate\\Cookie\\Middleware\\AddQueuedCookiesToResponse.php(37): Illuminate\\Routing\\Pipeline->Illuminate\\Routing\\{closure}(Object(Illuminate\\Http\\Request))
#23 C:\\Users\\David\\Desktop\\INHA (2 course)\\Semester ll\\Internet Programming\\labs\\lab-8-Dooweed-1\\vendor\\laravel\\framework\\src\\Illuminate\\Pipeline\\Pipeline.php(163): Illuminate\\Cookie\\Middleware\\AddQueuedCookiesToResponse->handle(Object(Illuminate\\Http\\Request), Object(Closure))
#24 C:\\Users\\David\\Desktop\\INHA (2 course)\\Semester ll\\Internet Programming\\labs\\lab-8-Dooweed-1\\vendor\\laravel\\framework\\src\\Illuminate\\Routing\\Pipeline.php(53): Illuminate\\Pipeline\\Pipeline->Illuminate\\Pipeline\\{closure}(Object(Illuminate\\Http\\Request))
#25 C:\\Users\\David\\Desktop\\INHA (2 course)\\Semester ll\\Internet Programming\\labs\\lab-8-Dooweed-1\\vendor\\laravel\\framework\\src\\Illuminate\\Cookie\\Middleware\\EncryptCookies.php(66): Illuminate\\Routing\\Pipeline->Illuminate\\Routing\\{closure}(Object(Illuminate\\Http\\Request))
#26 C:\\Users\\David\\Desktop\\INHA (2 course)\\Semester ll\\Internet Programming\\labs\\lab-8-Dooweed-1\\vendor\\laravel\\framework\\src\\Illuminate\\Pipeline\\Pipeline.php(163): Illuminate\\Cookie\\Middleware\\EncryptCookies->handle(Object(Illuminate\\Http\\Request), Object(Closure))
#27 C:\\Users\\David\\Desktop\\INHA (2 course)\\Semester ll\\Internet Programming\\labs\\lab-8-Dooweed-1\\vendor\\laravel\\framework\\src\\Illuminate\\Routing\\Pipeline.php(53): Illuminate\\Pipeline\\Pipeline->Illuminate\\Pipeline\\{closure}(Object(Illuminate\\Http\\Request))
#28 C:\\Users\\David\\Desktop\\INHA (2 course)\\Semester ll\\Internet Programming\\labs\\lab-8-Dooweed-1\\vendor\\laravel\\framework\\src\\Illuminate\\Pipeline\\Pipeline.php(104): Illuminate\\Routing\\Pipeline->Illuminate\\Routing\\{closure}(Object(Illuminate\\Http\\Request))
#29 C:\\Users\\David\\Desktop\\INHA (2 course)\\Semester ll\\Internet Programming\\labs\\lab-8-Dooweed-1\\vendor\\laravel\\framework\\src\\Illuminate\\Routing\\Router.php(682): Illuminate\\Pipeline\\Pipeline->then(Object(Closure))
#30 C:\\Users\\David\\Desktop\\INHA (2 course)\\Semester ll\\Internet Programming\\labs\\lab-8-Dooweed-1\\vendor\\laravel\\framework\\src\\Illuminate\\Routing\\Router.php(657): Illuminate\\Routing\\Router->runRouteWithinStack(Object(Illuminate\\Routing\\Route), Object(Illuminate\\Http\\Request))
#31 C:\\Users\\David\\Desktop\\INHA (2 course)\\Semester ll\\Internet Programming\\labs\\lab-8-Dooweed-1\\vendor\\laravel\\framework\\src\\Illuminate\\Routing\\Router.php(623): Illuminate\\Routing\\Router->runRoute(Object(Illuminate\\Http\\Request), Object(Illuminate\\Routing\\Route))
#32 C:\\Users\\David\\Desktop\\INHA (2 course)\\Semester ll\\Internet Programming\\labs\\lab-8-Dooweed-1\\vendor\\laravel\\framework\\src\\Illuminate\\Routing\\Router.php(612): Illuminate\\Routing\\Router->dispatchToRoute(Object(Illuminate\\Http\\Request))
#33 C:\\Users\\David\\Desktop\\INHA (2 course)\\Semester ll\\Internet Programming\\labs\\lab-8-Dooweed-1\\vendor\\laravel\\framework\\src\\Illuminate\\Foundation\\Http\\Kernel.php(176): Illuminate\\Routing\\Router->dispatch(Object(Illuminate\\Http\\Request))
#34 C:\\Users\\David\\Desktop\\INHA (2 course)\\Semester ll\\Internet Programming\\labs\\lab-8-Dooweed-1\\vendor\\laravel\\framework\\src\\Illuminate\\Routing\\Pipeline.php(30): Illuminate\\Foundation\\Http\\Kernel->Illuminate\\Foundation\\Http\\{closure}(Object(Illuminate\\Http\\Request))
#35 C:\\Users\\David\\Desktop\\INHA (2 course)\\Semester ll\\Internet Programming\\labs\\lab-8-Dooweed-1\\vendor\\fideloper\\proxy\\src\\TrustProxies.php(57): Illuminate\\Routing\\Pipeline->Illuminate\\Routing\\{closure}(Object(Illuminate\\Http\\Request))
#36 C:\\Users\\David\\Desktop\\INHA (2 course)\\Semester ll\\Internet Programming\\labs\\lab-8-Dooweed-1\\vendor\\laravel\\framework\\src\\Illuminate\\Pipeline\\Pipeline.php(163): Fideloper\\Proxy\\TrustProxies->handle(Object(Illuminate\\Http\\Request), Object(Closure))
#37 C:\\Users\\David\\Desktop\\INHA (2 course)\\Semester ll\\Internet Programming\\labs\\lab-8-Dooweed-1\\vendor\\laravel\\framework\\src\\Illuminate\\Routing\\Pipeline.php(53): Illuminate\\Pipeline\\Pipeline->Illuminate\\Pipeline\\{closure}(Object(Illuminate\\Http\\Request))
#38 C:\\Users\\David\\Desktop\\INHA (2 course)\\Semester ll\\Internet Programming\\labs\\lab-8-Dooweed-1\\vendor\\laravel\\framework\\src\\Illuminate\\Foundation\\Http\\Middleware\\TransformsRequest.php(21): Illuminate\\Routing\\Pipeline->Illuminate\\Routing\\{closure}(Object(Illuminate\\Http\\Request))
#39 C:\\Users\\David\\Desktop\\INHA (2 course)\\Semester ll\\Internet Programming\\labs\\lab-8-Dooweed-1\\vendor\\laravel\\framework\\src\\Illuminate\\Pipeline\\Pipeline.php(163): Illuminate\\Foundation\\Http\\Middleware\\TransformsRequest->handle(Object(Illuminate\\Http\\Request), Object(Closure))
#40 C:\\Users\\David\\Desktop\\INHA (2 course)\\Semester ll\\Internet Programming\\labs\\lab-8-Dooweed-1\\vendor\\laravel\\framework\\src\\Illuminate\\Routing\\Pipeline.php(53): Illuminate\\Pipeline\\Pipeline->Illuminate\\Pipeline\\{closure}(Object(Illuminate\\Http\\Request))
#41 C:\\Users\\David\\Desktop\\INHA (2 course)\\Semester ll\\Internet Programming\\labs\\lab-8-Dooweed-1\\vendor\\laravel\\framework\\src\\Illuminate\\Foundation\\Http\\Middleware\\TransformsRequest.php(21): Illuminate\\Routing\\Pipeline->Illuminate\\Routing\\{closure}(Object(Illuminate\\Http\\Request))
#42 C:\\Users\\David\\Desktop\\INHA (2 course)\\Semester ll\\Internet Programming\\labs\\lab-8-Dooweed-1\\vendor\\laravel\\framework\\src\\Illuminate\\Pipeline\\Pipeline.php(163): Illuminate\\Foundation\\Http\\Middleware\\TransformsRequest->handle(Object(Illuminate\\Http\\Request), Object(Closure))
#43 C:\\Users\\David\\Desktop\\INHA (2 course)\\Semester ll\\Internet Programming\\labs\\lab-8-Dooweed-1\\vendor\\laravel\\framework\\src\\Illuminate\\Routing\\Pipeline.php(53): Illuminate\\Pipeline\\Pipeline->Illuminate\\Pipeline\\{closure}(Object(Illuminate\\Http\\Request))
#44 C:\\Users\\David\\Desktop\\INHA (2 course)\\Semester ll\\Internet Programming\\labs\\lab-8-Dooweed-1\\vendor\\laravel\\framework\\src\\Illuminate\\Foundation\\Http\\Middleware\\ValidatePostSize.php(27): Illuminate\\Routing\\Pipeline->Illuminate\\Routing\\{closure}(Object(Illuminate\\Http\\Request))
#45 C:\\Users\\David\\Desktop\\INHA (2 course)\\Semester ll\\Internet Programming\\labs\\lab-8-Dooweed-1\\vendor\\laravel\\framework\\src\\Illuminate\\Pipeline\\Pipeline.php(163): Illuminate\\Foundation\\Http\\Middleware\\ValidatePostSize->handle(Object(Illuminate\\Http\\Request), Object(Closure))
#46 C:\\Users\\David\\Desktop\\INHA (2 course)\\Semester ll\\Internet Programming\\labs\\lab-8-Dooweed-1\\vendor\\laravel\\framework\\src\\Illuminate\\Routing\\Pipeline.php(53): Illuminate\\Pipeline\\Pipeline->Illuminate\\Pipeline\\{closure}(Object(Illuminate\\Http\\Request))
#47 C:\\Users\\David\\Desktop\\INHA (2 course)\\Semester ll\\Internet Programming\\labs\\lab-8-Dooweed-1\\vendor\\laravel\\framework\\src\\Illuminate\\Foundation\\Http\\Middleware\\CheckForMaintenanceMode.php(62): Illuminate\\Routing\\Pipeline->Illuminate\\Routing\\{closure}(Object(Illuminate\\Http\\Request))
#48 C:\\Users\\David\\Desktop\\INHA (2 course)\\Semester ll\\Internet Programming\\labs\\lab-8-Dooweed-1\\vendor\\laravel\\framework\\src\\Illuminate\\Pipeline\\Pipeline.php(163): Illuminate\\Foundation\\Http\\Middleware\\CheckForMaintenanceMode->handle(Object(Illuminate\\Http\\Request), Object(Closure))
#49 C:\\Users\\David\\Desktop\\INHA (2 course)\\Semester ll\\Internet Programming\\labs\\lab-8-Dooweed-1\\vendor\\laravel\\framework\\src\\Illuminate\\Routing\\Pipeline.php(53): Illuminate\\Pipeline\\Pipeline->Illuminate\\Pipeline\\{closure}(Object(Illuminate\\Http\\Request))
#50 C:\\Users\\David\\Desktop\\INHA (2 course)\\Semester ll\\Internet Programming\\labs\\lab-8-Dooweed-1\\vendor\\laravel\\framework\\src\\Illuminate\\Pipeline\\Pipeline.php(104): Illuminate\\Routing\\Pipeline->Illuminate\\Routing\\{closure}(Object(Illuminate\\Http\\Request))
#51 C:\\Users\\David\\Desktop\\INHA (2 course)\\Semester ll\\Internet Programming\\labs\\lab-8-Dooweed-1\\vendor\\laravel\\framework\\src\\Illuminate\\Foundation\\Http\\Kernel.php(151): Illuminate\\Pipeline\\Pipeline->then(Object(Closure))
#52 C:\\Users\\David\\Desktop\\INHA (2 course)\\Semester ll\\Internet Programming\\labs\\lab-8-Dooweed-1\\vendor\\laravel\\framework\\src\\Illuminate\\Foundation\\Http\\Kernel.php(116): Illuminate\\Foundation\\Http\\Kernel->sendRequestThroughRouter(Object(Illuminate\\Http\\Request))
#53 C:\\Users\\David\\Desktop\\INHA (2 course)\\Semester ll\\Internet Programming\\labs\\lab-8-Dooweed-1\\public\\index.php(55): Illuminate\\Foundation\\Http\\Kernel->handle(Object(Illuminate\\Http\\Request))
#54 C:\\Users\\David\\Desktop\\INHA (2 course)\\Semester ll\\Internet Programming\\labs\\lab-8-Dooweed-1\\server.php(21): require_once('C:\\\\Users\\\\David\\\\...')
#55 {main}
"} 
[2021-04-23 00:05:01] local.ERROR: Array to string conversion {"exception":"[object] (ErrorException(code: 0): Array to string conversion at C:\\Users\\David\\Desktop\\INHA (2 course)\\Semester ll\\Internet Programming\\labs\\lab-8-Dooweed-1\\app\\Post.php:32)
[stacktrace]
#0 [internal function]: Illuminate\\Foundation\\Bootstrap\\HandleExceptions->handleError(8, 'Array to string...', 'C:\\\\Users\\\\David\\\\...', 32, Array)
#1 C:\\Users\\David\\Desktop\\INHA (2 course)\\Semester ll\\Internet Programming\\labs\\lab-8-Dooweed-1\\app\\Post.php(32): implode(', ', Array)
#2 C:\\Users\\David\\Desktop\\INHA (2 course)\\Semester ll\\Internet Programming\\labs\\lab-8-Dooweed-1\\app\\Http\\Controllers\\PostController.php(51): App\\Post->addPost('\\xD0\\x90\\xD1\\x80\\xD0\\xBC\\xD0\\xB8\\xD1\\x8F \\xD0\\xA1\\xD0\\xA8...', 'safasdfasdfasdf...')
#3 [internal function]: App\\Http\\Controllers\\PostController->postAdminCreate(Object(Illuminate\\Http\\Request))
#4 C:\\Users\\David\\Desktop\\INHA (2 course)\\Semester ll\\Internet Programming\\labs\\lab-8-Dooweed-1\\vendor\\laravel\\framework\\src\\Illuminate\\Routing\\Controller.php(54): call_user_func_array(Array, Array)
#5 C:\\Users\\David\\Desktop\\INHA (2 course)\\Semester ll\\Internet Programming\\labs\\lab-8-Dooweed-1\\vendor\\laravel\\framework\\src\\Illuminate\\Routing\\ControllerDispatcher.php(45): Illuminate\\Routing\\Controller->callAction('postAdminCreate', Array)
#6 C:\\Users\\David\\Desktop\\INHA (2 course)\\Semester ll\\Internet Programming\\labs\\lab-8-Dooweed-1\\vendor\\laravel\\framework\\src\\Illuminate\\Routing\\Route.php(219): Illuminate\\Routing\\ControllerDispatcher->dispatch(Object(Illuminate\\Routing\\Route), Object(App\\Http\\Controllers\\PostController), 'postAdminCreate')
#7 C:\\Users\\David\\Desktop\\INHA (2 course)\\Semester ll\\Internet Programming\\labs\\lab-8-Dooweed-1\\vendor\\laravel\\framework\\src\\Illuminate\\Routing\\Route.php(176): Illuminate\\Routing\\Route->runController()
#8 C:\\Users\\David\\Desktop\\INHA (2 course)\\Semester ll\\Internet Programming\\labs\\lab-8-Dooweed-1\\vendor\\laravel\\framework\\src\\Illuminate\\Routing\\Router.php(680): Illuminate\\Routing\\Route->run()
#9 C:\\Users\\David\\Desktop\\INHA (2 course)\\Semester ll\\Internet Programming\\labs\\lab-8-Dooweed-1\\vendor\\laravel\\framework\\src\\Illuminate\\Routing\\Pipeline.php(30): Illuminate\\Routing\\Router->Illuminate\\Routing\\{closure}(Object(Illuminate\\Http\\Request))
#10 C:\\Users\\David\\Desktop\\INHA (2 course)\\Semester ll\\Internet Programming\\labs\\lab-8-Dooweed-1\\vendor\\laravel\\framework\\src\\Illuminate\\Routing\\Middleware\\SubstituteBindings.php(41): Illuminate\\Routing\\Pipeline->Illuminate\\Routing\\{closure}(Object(Illuminate\\Http\\Request))
#11 C:\\Users\\David\\Desktop\\INHA (2 course)\\Semester ll\\Internet Programming\\labs\\lab-8-Dooweed-1\\vendor\\laravel\\framework\\src\\Illuminate\\Pipeline\\Pipeline.php(163): Illuminate\\Routing\\Middleware\\SubstituteBindings->handle(Object(Illuminate\\Http\\Request), Object(Closure))
#12 C:\\Users\\David\\Desktop\\INHA (2 course)\\Semester ll\\Internet Programming\\labs\\lab-8-Dooweed-1\\vendor\\laravel\\framework\\src\\Illuminate\\Routing\\Pipeline.php(53): Illuminate\\Pipeline\\Pipeline->Illuminate\\Pipeline\\{closure}(Object(Illuminate\\Http\\Request))
#13 C:\\Users\\David\\Desktop\\INHA (2 course)\\Semester ll\\Internet Programming\\labs\\lab-8-Dooweed-1\\vendor\\laravel\\framework\\src\\Illuminate\\Foundation\\Http\\Middleware\\VerifyCsrfToken.php(75): Illuminate\\Routing\\Pipeline->Illuminate\\Routing\\{closure}(Object(Illuminate\\Http\\Request))
#14 C:\\Users\\David\\Desktop\\INHA (2 course)\\Semester ll\\Internet Programming\\labs\\lab-8-Dooweed-1\\vendor\\laravel\\framework\\src\\Illuminate\\Pipeline\\Pipeline.php(163): Illuminate\\Foundation\\Http\\Middleware\\VerifyCsrfToken->handle(Object(Illuminate\\Http\\Request), Object(Closure))
#15 C:\\Users\\David\\Desktop\\INHA (2 course)\\Semester ll\\Internet Programming\\labs\\lab-8-Dooweed-1\\vendor\\laravel\\framework\\src\\Illuminate\\Routing\\Pipeline.php(53): Illuminate\\Pipeline\\Pipeline->Illuminate\\Pipeline\\{closure}(Object(Illuminate\\Http\\Request))
#16 C:\\Users\\David\\Desktop\\INHA (2 course)\\Semester ll\\Internet Programming\\labs\\lab-8-Dooweed-1\\vendor\\laravel\\framework\\src\\Illuminate\\View\\Middleware\\ShareErrorsFromSession.php(49): Illuminate\\Routing\\Pipeline->Illuminate\\Routing\\{closure}(Object(Illuminate\\Http\\Request))
#17 C:\\Users\\David\\Desktop\\INHA (2 course)\\Semester ll\\Internet Programming\\labs\\lab-8-Dooweed-1\\vendor\\laravel\\framework\\src\\Illuminate\\Pipeline\\Pipeline.php(163): Illuminate\\View\\Middleware\\ShareErrorsFromSession->handle(Object(Illuminate\\Http\\Request), Object(Closure))
#18 C:\\Users\\David\\Desktop\\INHA (2 course)\\Semester ll\\Internet Programming\\labs\\lab-8-Dooweed-1\\vendor\\laravel\\framework\\src\\Illuminate\\Routing\\Pipeline.php(53): Illuminate\\Pipeline\\Pipeline->Illuminate\\Pipeline\\{closure}(Object(Illuminate\\Http\\Request))
#19 C:\\Users\\David\\Desktop\\INHA (2 course)\\Semester ll\\Internet Programming\\labs\\lab-8-Dooweed-1\\vendor\\laravel\\framework\\src\\Illuminate\\Session\\Middleware\\StartSession.php(56): Illuminate\\Routing\\Pipeline->Illuminate\\Routing\\{closure}(Object(Illuminate\\Http\\Request))
#20 C:\\Users\\David\\Desktop\\INHA (2 course)\\Semester ll\\Internet Programming\\labs\\lab-8-Dooweed-1\\vendor\\laravel\\framework\\src\\Illuminate\\Pipeline\\Pipeline.php(163): Illuminate\\Session\\Middleware\\StartSession->handle(Object(Illuminate\\Http\\Request), Object(Closure))
#21 C:\\Users\\David\\Desktop\\INHA (2 course)\\Semester ll\\Internet Programming\\labs\\lab-8-Dooweed-1\\vendor\\laravel\\framework\\src\\Illuminate\\Routing\\Pipeline.php(53): Illuminate\\Pipeline\\Pipeline->Illuminate\\Pipeline\\{closure}(Object(Illuminate\\Http\\Request))
#22 C:\\Users\\David\\Desktop\\INHA (2 course)\\Semester ll\\Internet Programming\\labs\\lab-8-Dooweed-1\\vendor\\laravel\\framework\\src\\Illuminate\\Cookie\\Middleware\\AddQueuedCookiesToResponse.php(37): Illuminate\\Routing\\Pipeline->Illuminate\\Routing\\{closure}(Object(Illuminate\\Http\\Request))
#23 C:\\Users\\David\\Desktop\\INHA (2 course)\\Semester ll\\Internet Programming\\labs\\lab-8-Dooweed-1\\vendor\\laravel\\framework\\src\\Illuminate\\Pipeline\\Pipeline.php(163): Illuminate\\Cookie\\Middleware\\AddQueuedCookiesToResponse->handle(Object(Illuminate\\Http\\Request), Object(Closure))
#24 C:\\Users\\David\\Desktop\\INHA (2 course)\\Semester ll\\Internet Programming\\labs\\lab-8-Dooweed-1\\vendor\\laravel\\framework\\src\\Illuminate\\Routing\\Pipeline.php(53): Illuminate\\Pipeline\\Pipeline->Illuminate\\Pipeline\\{closure}(Object(Illuminate\\Http\\Request))
#25 C:\\Users\\David\\Desktop\\INHA (2 course)\\Semester ll\\Internet Programming\\labs\\lab-8-Dooweed-1\\vendor\\laravel\\framework\\src\\Illuminate\\Cookie\\Middleware\\EncryptCookies.php(66): Illuminate\\Routing\\Pipeline->Illuminate\\Routing\\{closure}(Object(Illuminate\\Http\\Request))
#26 C:\\Users\\David\\Desktop\\INHA (2 course)\\Semester ll\\Internet Programming\\labs\\lab-8-Dooweed-1\\vendor\\laravel\\framework\\src\\Illuminate\\Pipeline\\Pipeline.php(163): Illuminate\\Cookie\\Middleware\\EncryptCookies->handle(Object(Illuminate\\Http\\Request), Object(Closure))
#27 C:\\Users\\David\\Desktop\\INHA (2 course)\\Semester ll\\Internet Programming\\labs\\lab-8-Dooweed-1\\vendor\\laravel\\framework\\src\\Illuminate\\Routing\\Pipeline.php(53): Illuminate\\Pipeline\\Pipeline->Illuminate\\Pipeline\\{closure}(Object(Illuminate\\Http\\Request))
#28 C:\\Users\\David\\Desktop\\INHA (2 course)\\Semester ll\\Internet Programming\\labs\\lab-8-Dooweed-1\\vendor\\laravel\\framework\\src\\Illuminate\\Pipeline\\Pipeline.php(104): Illuminate\\Routing\\Pipeline->Illuminate\\Routing\\{closure}(Object(Illuminate\\Http\\Request))
#29 C:\\Users\\David\\Desktop\\INHA (2 course)\\Semester ll\\Internet Programming\\labs\\lab-8-Dooweed-1\\vendor\\laravel\\framework\\src\\Illuminate\\Routing\\Router.php(682): Illuminate\\Pipeline\\Pipeline->then(Object(Closure))
#30 C:\\Users\\David\\Desktop\\INHA (2 course)\\Semester ll\\Internet Programming\\labs\\lab-8-Dooweed-1\\vendor\\laravel\\framework\\src\\Illuminate\\Routing\\Router.php(657): Illuminate\\Routing\\Router->runRouteWithinStack(Object(Illuminate\\Routing\\Route), Object(Illuminate\\Http\\Request))
#31 C:\\Users\\David\\Desktop\\INHA (2 course)\\Semester ll\\Internet Programming\\labs\\lab-8-Dooweed-1\\vendor\\laravel\\framework\\src\\Illuminate\\Routing\\Router.php(623): Illuminate\\Routing\\Router->runRoute(Object(Illuminate\\Http\\Request), Object(Illuminate\\Routing\\Route))
#32 C:\\Users\\David\\Desktop\\INHA (2 course)\\Semester ll\\Internet Programming\\labs\\lab-8-Dooweed-1\\vendor\\laravel\\framework\\src\\Illuminate\\Routing\\Router.php(612): Illuminate\\Routing\\Router->dispatchToRoute(Object(Illuminate\\Http\\Request))
#33 C:\\Users\\David\\Desktop\\INHA (2 course)\\Semester ll\\Internet Programming\\labs\\lab-8-Dooweed-1\\vendor\\laravel\\framework\\src\\Illuminate\\Foundation\\Http\\Kernel.php(176): Illuminate\\Routing\\Router->dispatch(Object(Illuminate\\Http\\Request))
#34 C:\\Users\\David\\Desktop\\INHA (2 course)\\Semester ll\\Internet Programming\\labs\\lab-8-Dooweed-1\\vendor\\laravel\\framework\\src\\Illuminate\\Routing\\Pipeline.php(30): Illuminate\\Foundation\\Http\\Kernel->Illuminate\\Foundation\\Http\\{closure}(Object(Illuminate\\Http\\Request))
#35 C:\\Users\\David\\Desktop\\INHA (2 course)\\Semester ll\\Internet Programming\\labs\\lab-8-Dooweed-1\\vendor\\fideloper\\proxy\\src\\TrustProxies.php(57): Illuminate\\Routing\\Pipeline->Illuminate\\Routing\\{closure}(Object(Illuminate\\Http\\Request))
#36 C:\\Users\\David\\Desktop\\INHA (2 course)\\Semester ll\\Internet Programming\\labs\\lab-8-Dooweed-1\\vendor\\laravel\\framework\\src\\Illuminate\\Pipeline\\Pipeline.php(163): Fideloper\\Proxy\\TrustProxies->handle(Object(Illuminate\\Http\\Request), Object(Closure))
#37 C:\\Users\\David\\Desktop\\INHA (2 course)\\Semester ll\\Internet Programming\\labs\\lab-8-Dooweed-1\\vendor\\laravel\\framework\\src\\Illuminate\\Routing\\Pipeline.php(53): Illuminate\\Pipeline\\Pipeline->Illuminate\\Pipeline\\{closure}(Object(Illuminate\\Http\\Request))
#38 C:\\Users\\David\\Desktop\\INHA (2 course)\\Semester ll\\Internet Programming\\labs\\lab-8-Dooweed-1\\vendor\\laravel\\framework\\src\\Illuminate\\Foundation\\Http\\Middleware\\TransformsRequest.php(21): Illuminate\\Routing\\Pipeline->Illuminate\\Routing\\{closure}(Object(Illuminate\\Http\\Request))
#39 C:\\Users\\David\\Desktop\\INHA (2 course)\\Semester ll\\Internet Programming\\labs\\lab-8-Dooweed-1\\vendor\\laravel\\framework\\src\\Illuminate\\Pipeline\\Pipeline.php(163): Illuminate\\Foundation\\Http\\Middleware\\TransformsRequest->handle(Object(Illuminate\\Http\\Request), Object(Closure))
#40 C:\\Users\\David\\Desktop\\INHA (2 course)\\Semester ll\\Internet Programming\\labs\\lab-8-Dooweed-1\\vendor\\laravel\\framework\\src\\Illuminate\\Routing\\Pipeline.php(53): Illuminate\\Pipeline\\Pipeline->Illuminate\\Pipeline\\{closure}(Object(Illuminate\\Http\\Request))
#41 C:\\Users\\David\\Desktop\\INHA (2 course)\\Semester ll\\Internet Programming\\labs\\lab-8-Dooweed-1\\vendor\\laravel\\framework\\src\\Illuminate\\Foundation\\Http\\Middleware\\TransformsRequest.php(21): Illuminate\\Routing\\Pipeline->Illuminate\\Routing\\{closure}(Object(Illuminate\\Http\\Request))
#42 C:\\Users\\David\\Desktop\\INHA (2 course)\\Semester ll\\Internet Programming\\labs\\lab-8-Dooweed-1\\vendor\\laravel\\framework\\src\\Illuminate\\Pipeline\\Pipeline.php(163): Illuminate\\Foundation\\Http\\Middleware\\TransformsRequest->handle(Object(Illuminate\\Http\\Request), Object(Closure))
#43 C:\\Users\\David\\Desktop\\INHA (2 course)\\Semester ll\\Internet Programming\\labs\\lab-8-Dooweed-1\\vendor\\laravel\\framework\\src\\Illuminate\\Routing\\Pipeline.php(53): Illuminate\\Pipeline\\Pipeline->Illuminate\\Pipeline\\{closure}(Object(Illuminate\\Http\\Request))
#44 C:\\Users\\David\\Desktop\\INHA (2 course)\\Semester ll\\Internet Programming\\labs\\lab-8-Dooweed-1\\vendor\\laravel\\framework\\src\\Illuminate\\Foundation\\Http\\Middleware\\ValidatePostSize.php(27): Illuminate\\Routing\\Pipeline->Illuminate\\Routing\\{closure}(Object(Illuminate\\Http\\Request))
#45 C:\\Users\\David\\Desktop\\INHA (2 course)\\Semester ll\\Internet Programming\\labs\\lab-8-Dooweed-1\\vendor\\laravel\\framework\\src\\Illuminate\\Pipeline\\Pipeline.php(163): Illuminate\\Foundation\\Http\\Middleware\\ValidatePostSize->handle(Object(Illuminate\\Http\\Request), Object(Closure))
#46 C:\\Users\\David\\Desktop\\INHA (2 course)\\Semester ll\\Internet Programming\\labs\\lab-8-Dooweed-1\\vendor\\laravel\\framework\\src\\Illuminate\\Routing\\Pipeline.php(53): Illuminate\\Pipeline\\Pipeline->Illuminate\\Pipeline\\{closure}(Object(Illuminate\\Http\\Request))
#47 C:\\Users\\David\\Desktop\\INHA (2 course)\\Semester ll\\Internet Programming\\labs\\lab-8-Dooweed-1\\vendor\\laravel\\framework\\src\\Illuminate\\Foundation\\Http\\Middleware\\CheckForMaintenanceMode.php(62): Illuminate\\Routing\\Pipeline->Illuminate\\Routing\\{closure}(Object(Illuminate\\Http\\Request))
#48 C:\\Users\\David\\Desktop\\INHA (2 course)\\Semester ll\\Internet Programming\\labs\\lab-8-Dooweed-1\\vendor\\laravel\\framework\\src\\Illuminate\\Pipeline\\Pipeline.php(163): Illuminate\\Foundation\\Http\\Middleware\\CheckForMaintenanceMode->handle(Object(Illuminate\\Http\\Request), Object(Closure))
#49 C:\\Users\\David\\Desktop\\INHA (2 course)\\Semester ll\\Internet Programming\\labs\\lab-8-Dooweed-1\\vendor\\laravel\\framework\\src\\Illuminate\\Routing\\Pipeline.php(53): Illuminate\\Pipeline\\Pipeline->Illuminate\\Pipeline\\{closure}(Object(Illuminate\\Http\\Request))
#50 C:\\Users\\David\\Desktop\\INHA (2 course)\\Semester ll\\Internet Programming\\labs\\lab-8-Dooweed-1\\vendor\\laravel\\framework\\src\\Illuminate\\Pipeline\\Pipeline.php(104): Illuminate\\Routing\\Pipeline->Illuminate\\Routing\\{closure}(Object(Illuminate\\Http\\Request))
#51 C:\\Users\\David\\Desktop\\INHA (2 course)\\Semester ll\\Internet Programming\\labs\\lab-8-Dooweed-1\\vendor\\laravel\\framework\\src\\Illuminate\\Foundation\\Http\\Kernel.php(151): Illuminate\\Pipeline\\Pipeline->then(Object(Closure))
#52 C:\\Users\\David\\Desktop\\INHA (2 course)\\Semester ll\\Internet Programming\\labs\\lab-8-Dooweed-1\\vendor\\laravel\\framework\\src\\Illuminate\\Foundation\\Http\\Kernel.php(116): Illuminate\\Foundation\\Http\\Kernel->sendRequestThroughRouter(Object(Illuminate\\Http\\Request))
#53 C:\\Users\\David\\Desktop\\INHA (2 course)\\Semester ll\\Internet Programming\\labs\\lab-8-Dooweed-1\\public\\index.php(55): Illuminate\\Foundation\\Http\\Kernel->handle(Object(Illuminate\\Http\\Request))
#54 C:\\Users\\David\\Desktop\\INHA (2 course)\\Semester ll\\Internet Programming\\labs\\lab-8-Dooweed-1\\server.php(21): require_once('C:\\\\Users\\\\David\\\\...')
#55 {main}
"} 
[2021-04-23 00:05:08] local.ERROR: Array to string conversion {"exception":"[object] (ErrorException(code: 0): Array to string conversion at C:\\Users\\David\\Desktop\\INHA (2 course)\\Semester ll\\Internet Programming\\labs\\lab-8-Dooweed-1\\app\\Post.php:32)
[stacktrace]
#0 [internal function]: Illuminate\\Foundation\\Bootstrap\\HandleExceptions->handleError(8, 'Array to string...', 'C:\\\\Users\\\\David\\\\...', 32, Array)
#1 C:\\Users\\David\\Desktop\\INHA (2 course)\\Semester ll\\Internet Programming\\labs\\lab-8-Dooweed-1\\app\\Post.php(32): implode(', ', Array)
#2 C:\\Users\\David\\Desktop\\INHA (2 course)\\Semester ll\\Internet Programming\\labs\\lab-8-Dooweed-1\\app\\Http\\Controllers\\PostController.php(51): App\\Post->addPost('\\xD0\\x90\\xD1\\x80\\xD0\\xBC\\xD0\\xB8\\xD1\\x8F \\xD0\\xA1\\xD0\\xA8...', 'safasdfasdfasdf...')
#3 [internal function]: App\\Http\\Controllers\\PostController->postAdminCreate(Object(Illuminate\\Http\\Request))
#4 C:\\Users\\David\\Desktop\\INHA (2 course)\\Semester ll\\Internet Programming\\labs\\lab-8-Dooweed-1\\vendor\\laravel\\framework\\src\\Illuminate\\Routing\\Controller.php(54): call_user_func_array(Array, Array)
#5 C:\\Users\\David\\Desktop\\INHA (2 course)\\Semester ll\\Internet Programming\\labs\\lab-8-Dooweed-1\\vendor\\laravel\\framework\\src\\Illuminate\\Routing\\ControllerDispatcher.php(45): Illuminate\\Routing\\Controller->callAction('postAdminCreate', Array)
#6 C:\\Users\\David\\Desktop\\INHA (2 course)\\Semester ll\\Internet Programming\\labs\\lab-8-Dooweed-1\\vendor\\laravel\\framework\\src\\Illuminate\\Routing\\Route.php(219): Illuminate\\Routing\\ControllerDispatcher->dispatch(Object(Illuminate\\Routing\\Route), Object(App\\Http\\Controllers\\PostController), 'postAdminCreate')
#7 C:\\Users\\David\\Desktop\\INHA (2 course)\\Semester ll\\Internet Programming\\labs\\lab-8-Dooweed-1\\vendor\\laravel\\framework\\src\\Illuminate\\Routing\\Route.php(176): Illuminate\\Routing\\Route->runController()
#8 C:\\Users\\David\\Desktop\\INHA (2 course)\\Semester ll\\Internet Programming\\labs\\lab-8-Dooweed-1\\vendor\\laravel\\framework\\src\\Illuminate\\Routing\\Router.php(680): Illuminate\\Routing\\Route->run()
#9 C:\\Users\\David\\Desktop\\INHA (2 course)\\Semester ll\\Internet Programming\\labs\\lab-8-Dooweed-1\\vendor\\laravel\\framework\\src\\Illuminate\\Routing\\Pipeline.php(30): Illuminate\\Routing\\Router->Illuminate\\Routing\\{closure}(Object(Illuminate\\Http\\Request))
#10 C:\\Users\\David\\Desktop\\INHA (2 course)\\Semester ll\\Internet Programming\\labs\\lab-8-Dooweed-1\\vendor\\laravel\\framework\\src\\Illuminate\\Routing\\Middleware\\SubstituteBindings.php(41): Illuminate\\Routing\\Pipeline->Illuminate\\Routing\\{closure}(Object(Illuminate\\Http\\Request))
#11 C:\\Users\\David\\Desktop\\INHA (2 course)\\Semester ll\\Internet Programming\\labs\\lab-8-Dooweed-1\\vendor\\laravel\\framework\\src\\Illuminate\\Pipeline\\Pipeline.php(163): Illuminate\\Routing\\Middleware\\SubstituteBindings->handle(Object(Illuminate\\Http\\Request), Object(Closure))
#12 C:\\Users\\David\\Desktop\\INHA (2 course)\\Semester ll\\Internet Programming\\labs\\lab-8-Dooweed-1\\vendor\\laravel\\framework\\src\\Illuminate\\Routing\\Pipeline.php(53): Illuminate\\Pipeline\\Pipeline->Illuminate\\Pipeline\\{closure}(Object(Illuminate\\Http\\Request))
#13 C:\\Users\\David\\Desktop\\INHA (2 course)\\Semester ll\\Internet Programming\\labs\\lab-8-Dooweed-1\\vendor\\laravel\\framework\\src\\Illuminate\\Foundation\\Http\\Middleware\\VerifyCsrfToken.php(75): Illuminate\\Routing\\Pipeline->Illuminate\\Routing\\{closure}(Object(Illuminate\\Http\\Request))
#14 C:\\Users\\David\\Desktop\\INHA (2 course)\\Semester ll\\Internet Programming\\labs\\lab-8-Dooweed-1\\vendor\\laravel\\framework\\src\\Illuminate\\Pipeline\\Pipeline.php(163): Illuminate\\Foundation\\Http\\Middleware\\VerifyCsrfToken->handle(Object(Illuminate\\Http\\Request), Object(Closure))
#15 C:\\Users\\David\\Desktop\\INHA (2 course)\\Semester ll\\Internet Programming\\labs\\lab-8-Dooweed-1\\vendor\\laravel\\framework\\src\\Illuminate\\Routing\\Pipeline.php(53): Illuminate\\Pipeline\\Pipeline->Illuminate\\Pipeline\\{closure}(Object(Illuminate\\Http\\Request))
#16 C:\\Users\\David\\Desktop\\INHA (2 course)\\Semester ll\\Internet Programming\\labs\\lab-8-Dooweed-1\\vendor\\laravel\\framework\\src\\Illuminate\\View\\Middleware\\ShareErrorsFromSession.php(49): Illuminate\\Routing\\Pipeline->Illuminate\\Routing\\{closure}(Object(Illuminate\\Http\\Request))
#17 C:\\Users\\David\\Desktop\\INHA (2 course)\\Semester ll\\Internet Programming\\labs\\lab-8-Dooweed-1\\vendor\\laravel\\framework\\src\\Illuminate\\Pipeline\\Pipeline.php(163): Illuminate\\View\\Middleware\\ShareErrorsFromSession->handle(Object(Illuminate\\Http\\Request), Object(Closure))
#18 C:\\Users\\David\\Desktop\\INHA (2 course)\\Semester ll\\Internet Programming\\labs\\lab-8-Dooweed-1\\vendor\\laravel\\framework\\src\\Illuminate\\Routing\\Pipeline.php(53): Illuminate\\Pipeline\\Pipeline->Illuminate\\Pipeline\\{closure}(Object(Illuminate\\Http\\Request))
#19 C:\\Users\\David\\Desktop\\INHA (2 course)\\Semester ll\\Internet Programming\\labs\\lab-8-Dooweed-1\\vendor\\laravel\\framework\\src\\Illuminate\\Session\\Middleware\\StartSession.php(56): Illuminate\\Routing\\Pipeline->Illuminate\\Routing\\{closure}(Object(Illuminate\\Http\\Request))
#20 C:\\Users\\David\\Desktop\\INHA (2 course)\\Semester ll\\Internet Programming\\labs\\lab-8-Dooweed-1\\vendor\\laravel\\framework\\src\\Illuminate\\Pipeline\\Pipeline.php(163): Illuminate\\Session\\Middleware\\StartSession->handle(Object(Illuminate\\Http\\Request), Object(Closure))
#21 C:\\Users\\David\\Desktop\\INHA (2 course)\\Semester ll\\Internet Programming\\labs\\lab-8-Dooweed-1\\vendor\\laravel\\framework\\src\\Illuminate\\Routing\\Pipeline.php(53): Illuminate\\Pipeline\\Pipeline->Illuminate\\Pipeline\\{closure}(Object(Illuminate\\Http\\Request))
#22 C:\\Users\\David\\Desktop\\INHA (2 course)\\Semester ll\\Internet Programming\\labs\\lab-8-Dooweed-1\\vendor\\laravel\\framework\\src\\Illuminate\\Cookie\\Middleware\\AddQueuedCookiesToResponse.php(37): Illuminate\\Routing\\Pipeline->Illuminate\\Routing\\{closure}(Object(Illuminate\\Http\\Request))
#23 C:\\Users\\David\\Desktop\\INHA (2 course)\\Semester ll\\Internet Programming\\labs\\lab-8-Dooweed-1\\vendor\\laravel\\framework\\src\\Illuminate\\Pipeline\\Pipeline.php(163): Illuminate\\Cookie\\Middleware\\AddQueuedCookiesToResponse->handle(Object(Illuminate\\Http\\Request), Object(Closure))
#24 C:\\Users\\David\\Desktop\\INHA (2 course)\\Semester ll\\Internet Programming\\labs\\lab-8-Dooweed-1\\vendor\\laravel\\framework\\src\\Illuminate\\Routing\\Pipeline.php(53): Illuminate\\Pipeline\\Pipeline->Illuminate\\Pipeline\\{closure}(Object(Illuminate\\Http\\Request))
#25 C:\\Users\\David\\Desktop\\INHA (2 course)\\Semester ll\\Internet Programming\\labs\\lab-8-Dooweed-1\\vendor\\laravel\\framework\\src\\Illuminate\\Cookie\\Middleware\\EncryptCookies.php(66): Illuminate\\Routing\\Pipeline->Illuminate\\Routing\\{closure}(Object(Illuminate\\Http\\Request))
#26 C:\\Users\\David\\Desktop\\INHA (2 course)\\Semester ll\\Internet Programming\\labs\\lab-8-Dooweed-1\\vendor\\laravel\\framework\\src\\Illuminate\\Pipeline\\Pipeline.php(163): Illuminate\\Cookie\\Middleware\\EncryptCookies->handle(Object(Illuminate\\Http\\Request), Object(Closure))
#27 C:\\Users\\David\\Desktop\\INHA (2 course)\\Semester ll\\Internet Programming\\labs\\lab-8-Dooweed-1\\vendor\\laravel\\framework\\src\\Illuminate\\Routing\\Pipeline.php(53): Illuminate\\Pipeline\\Pipeline->Illuminate\\Pipeline\\{closure}(Object(Illuminate\\Http\\Request))
#28 C:\\Users\\David\\Desktop\\INHA (2 course)\\Semester ll\\Internet Programming\\labs\\lab-8-Dooweed-1\\vendor\\laravel\\framework\\src\\Illuminate\\Pipeline\\Pipeline.php(104): Illuminate\\Routing\\Pipeline->Illuminate\\Routing\\{closure}(Object(Illuminate\\Http\\Request))
#29 C:\\Users\\David\\Desktop\\INHA (2 course)\\Semester ll\\Internet Programming\\labs\\lab-8-Dooweed-1\\vendor\\laravel\\framework\\src\\Illuminate\\Routing\\Router.php(682): Illuminate\\Pipeline\\Pipeline->then(Object(Closure))
#30 C:\\Users\\David\\Desktop\\INHA (2 course)\\Semester ll\\Internet Programming\\labs\\lab-8-Dooweed-1\\vendor\\laravel\\framework\\src\\Illuminate\\Routing\\Router.php(657): Illuminate\\Routing\\Router->runRouteWithinStack(Object(Illuminate\\Routing\\Route), Object(Illuminate\\Http\\Request))
#31 C:\\Users\\David\\Desktop\\INHA (2 course)\\Semester ll\\Internet Programming\\labs\\lab-8-Dooweed-1\\vendor\\laravel\\framework\\src\\Illuminate\\Routing\\Router.php(623): Illuminate\\Routing\\Router->runRoute(Object(Illuminate\\Http\\Request), Object(Illuminate\\Routing\\Route))
#32 C:\\Users\\David\\Desktop\\INHA (2 course)\\Semester ll\\Internet Programming\\labs\\lab-8-Dooweed-1\\vendor\\laravel\\framework\\src\\Illuminate\\Routing\\Router.php(612): Illuminate\\Routing\\Router->dispatchToRoute(Object(Illuminate\\Http\\Request))
#33 C:\\Users\\David\\Desktop\\INHA (2 course)\\Semester ll\\Internet Programming\\labs\\lab-8-Dooweed-1\\vendor\\laravel\\framework\\src\\Illuminate\\Foundation\\Http\\Kernel.php(176): Illuminate\\Routing\\Router->dispatch(Object(Illuminate\\Http\\Request))
#34 C:\\Users\\David\\Desktop\\INHA (2 course)\\Semester ll\\Internet Programming\\labs\\lab-8-Dooweed-1\\vendor\\laravel\\framework\\src\\Illuminate\\Routing\\Pipeline.php(30): Illuminate\\Foundation\\Http\\Kernel->Illuminate\\Foundation\\Http\\{closure}(Object(Illuminate\\Http\\Request))
#35 C:\\Users\\David\\Desktop\\INHA (2 course)\\Semester ll\\Internet Programming\\labs\\lab-8-Dooweed-1\\vendor\\fideloper\\proxy\\src\\TrustProxies.php(57): Illuminate\\Routing\\Pipeline->Illuminate\\Routing\\{closure}(Object(Illuminate\\Http\\Request))
#36 C:\\Users\\David\\Desktop\\INHA (2 course)\\Semester ll\\Internet Programming\\labs\\lab-8-Dooweed-1\\vendor\\laravel\\framework\\src\\Illuminate\\Pipeline\\Pipeline.php(163): Fideloper\\Proxy\\TrustProxies->handle(Object(Illuminate\\Http\\Request), Object(Closure))
#37 C:\\Users\\David\\Desktop\\INHA (2 course)\\Semester ll\\Internet Programming\\labs\\lab-8-Dooweed-1\\vendor\\laravel\\framework\\src\\Illuminate\\Routing\\Pipeline.php(53): Illuminate\\Pipeline\\Pipeline->Illuminate\\Pipeline\\{closure}(Object(Illuminate\\Http\\Request))
#38 C:\\Users\\David\\Desktop\\INHA (2 course)\\Semester ll\\Internet Programming\\labs\\lab-8-Dooweed-1\\vendor\\laravel\\framework\\src\\Illuminate\\Foundation\\Http\\Middleware\\TransformsRequest.php(21): Illuminate\\Routing\\Pipeline->Illuminate\\Routing\\{closure}(Object(Illuminate\\Http\\Request))
#39 C:\\Users\\David\\Desktop\\INHA (2 course)\\Semester ll\\Internet Programming\\labs\\lab-8-Dooweed-1\\vendor\\laravel\\framework\\src\\Illuminate\\Pipeline\\Pipeline.php(163): Illuminate\\Foundation\\Http\\Middleware\\TransformsRequest->handle(Object(Illuminate\\Http\\Request), Object(Closure))
#40 C:\\Users\\David\\Desktop\\INHA (2 course)\\Semester ll\\Internet Programming\\labs\\lab-8-Dooweed-1\\vendor\\laravel\\framework\\src\\Illuminate\\Routing\\Pipeline.php(53): Illuminate\\Pipeline\\Pipeline->Illuminate\\Pipeline\\{closure}(Object(Illuminate\\Http\\Request))
#41 C:\\Users\\David\\Desktop\\INHA (2 course)\\Semester ll\\Internet Programming\\labs\\lab-8-Dooweed-1\\vendor\\laravel\\framework\\src\\Illuminate\\Foundation\\Http\\Middleware\\TransformsRequest.php(21): Illuminate\\Routing\\Pipeline->Illuminate\\Routing\\{closure}(Object(Illuminate\\Http\\Request))
#42 C:\\Users\\David\\Desktop\\INHA (2 course)\\Semester ll\\Internet Programming\\labs\\lab-8-Dooweed-1\\vendor\\laravel\\framework\\src\\Illuminate\\Pipeline\\Pipeline.php(163): Illuminate\\Foundation\\Http\\Middleware\\TransformsRequest->handle(Object(Illuminate\\Http\\Request), Object(Closure))
#43 C:\\Users\\David\\Desktop\\INHA (2 course)\\Semester ll\\Internet Programming\\labs\\lab-8-Dooweed-1\\vendor\\laravel\\framework\\src\\Illuminate\\Routing\\Pipeline.php(53): Illuminate\\Pipeline\\Pipeline->Illuminate\\Pipeline\\{closure}(Object(Illuminate\\Http\\Request))
#44 C:\\Users\\David\\Desktop\\INHA (2 course)\\Semester ll\\Internet Programming\\labs\\lab-8-Dooweed-1\\vendor\\laravel\\framework\\src\\Illuminate\\Foundation\\Http\\Middleware\\ValidatePostSize.php(27): Illuminate\\Routing\\Pipeline->Illuminate\\Routing\\{closure}(Object(Illuminate\\Http\\Request))
#45 C:\\Users\\David\\Desktop\\INHA (2 course)\\Semester ll\\Internet Programming\\labs\\lab-8-Dooweed-1\\vendor\\laravel\\framework\\src\\Illuminate\\Pipeline\\Pipeline.php(163): Illuminate\\Foundation\\Http\\Middleware\\ValidatePostSize->handle(Object(Illuminate\\Http\\Request), Object(Closure))
#46 C:\\Users\\David\\Desktop\\INHA (2 course)\\Semester ll\\Internet Programming\\labs\\lab-8-Dooweed-1\\vendor\\laravel\\framework\\src\\Illuminate\\Routing\\Pipeline.php(53): Illuminate\\Pipeline\\Pipeline->Illuminate\\Pipeline\\{closure}(Object(Illuminate\\Http\\Request))
#47 C:\\Users\\David\\Desktop\\INHA (2 course)\\Semester ll\\Internet Programming\\labs\\lab-8-Dooweed-1\\vendor\\laravel\\framework\\src\\Illuminate\\Foundation\\Http\\Middleware\\CheckForMaintenanceMode.php(62): Illuminate\\Routing\\Pipeline->Illuminate\\Routing\\{closure}(Object(Illuminate\\Http\\Request))
#48 C:\\Users\\David\\Desktop\\INHA (2 course)\\Semester ll\\Internet Programming\\labs\\lab-8-Dooweed-1\\vendor\\laravel\\framework\\src\\Illuminate\\Pipeline\\Pipeline.php(163): Illuminate\\Foundation\\Http\\Middleware\\CheckForMaintenanceMode->handle(Object(Illuminate\\Http\\Request), Object(Closure))
#49 C:\\Users\\David\\Desktop\\INHA (2 course)\\Semester ll\\Internet Programming\\labs\\lab-8-Dooweed-1\\vendor\\laravel\\framework\\src\\Illuminate\\Routing\\Pipeline.php(53): Illuminate\\Pipeline\\Pipeline->Illuminate\\Pipeline\\{closure}(Object(Illuminate\\Http\\Request))
#50 C:\\Users\\David\\Desktop\\INHA (2 course)\\Semester ll\\Internet Programming\\labs\\lab-8-Dooweed-1\\vendor\\laravel\\framework\\src\\Illuminate\\Pipeline\\Pipeline.php(104): Illuminate\\Routing\\Pipeline->Illuminate\\Routing\\{closure}(Object(Illuminate\\Http\\Request))
#51 C:\\Users\\David\\Desktop\\INHA (2 course)\\Semester ll\\Internet Programming\\labs\\lab-8-Dooweed-1\\vendor\\laravel\\framework\\src\\Illuminate\\Foundation\\Http\\Kernel.php(151): Illuminate\\Pipeline\\Pipeline->then(Object(Closure))
#52 C:\\Users\\David\\Desktop\\INHA (2 course)\\Semester ll\\Internet Programming\\labs\\lab-8-Dooweed-1\\vendor\\laravel\\framework\\src\\Illuminate\\Foundation\\Http\\Kernel.php(116): Illuminate\\Foundation\\Http\\Kernel->sendRequestThroughRouter(Object(Illuminate\\Http\\Request))
#53 C:\\Users\\David\\Desktop\\INHA (2 course)\\Semester ll\\Internet Programming\\labs\\lab-8-Dooweed-1\\public\\index.php(55): Illuminate\\Foundation\\Http\\Kernel->handle(Object(Illuminate\\Http\\Request))
#54 C:\\Users\\David\\Desktop\\INHA (2 course)\\Semester ll\\Internet Programming\\labs\\lab-8-Dooweed-1\\server.php(21): require_once('C:\\\\Users\\\\David\\\\...')
#55 {main}
"} 
[2021-04-23 00:08:49] local.INFO:     -, 123123123123123  
[2021-04-23 00:10:43] local.INFO:     -, 123adfvgsasdfgdgfsafasd  
[2021-04-23 00:37:34] local.INFO:     -, safasdfasdfasdfasdf  
[2021-04-23 00:39:50] local.INFO:     -, safasdfasdfasdfasdf123  
[2021-04-23 00:39:50] local.INFO: Front-end (HTML/CSS  JS), Telegram & Discord , back-end  python Django,    C++, 123adfvgsasdfgdgfsafasd  
